This is LuaHBTeX, Version 1.22.0 (TeX Live 2025)  (format=lualatex 2026.1.1)  25 FEB 2026 16:43
 restricted system commands enabled.
**my-book/docs/pandoc/latex/OpenSCAD_Curriculum.tex
(./my-book/docs/pandoc/latex/OpenSCAD_Curriculum.tex
LaTeX2e <2025-11-01>
L3 programming layer <2025-12-29>
Lua module: luaotfload 2024-12-03 v3.29 Lua based OpenType font support
Lua module: lualibs 2023-07-13 v2.76 ConTeXt Lua standard libraries.
Lua module: lualibs-extended 2023-07-13 v2.76 ConTeXt Lua libraries -- extended 
collection.
luaotfload | conf : Root cache directory is "/var/home/ryhunsaker/.local/texlive
/2025/texmf-var/luatex-cache/generic/names".
luaotfload | init : Loading fontloader "fontloader-2023-12-28.lua" from kpse-res
olved path "/var/home/ryhunsaker/.local/texlive/2025/texmf-dist/tex/luatex/luaot
fload/fontloader-2023-12-28.lua".
Lua-only attribute luaotfload@noligature = 1
luaotfload | init : Context OpenType loader version 3.134
Inserting `luaotfload.node_processor' in `pre_linebreak_filter'.
Inserting `luaotfload.node_processor' in `hpack_filter'.
Inserting `luaotfload.glyph_stream' in `glyph_stream_provider'.
Inserting `luaotfload.define_font' in `define_font'.
Lua-only attribute luaotfload_color_attribute = 2
luaotfload | conf : Root cache directory is "/var/home/ryhunsaker/.local/texlive
/2025/texmf-var/luatex-cache/generic/names".
Inserting `luaotfload.harf.strip_prefix' in `find_opentype_file'.
Inserting `luaotfload.harf.strip_prefix' in `find_truetype_file'.
Removing  `luaotfload.glyph_stream' from `glyph_stream_provider'.
Inserting `luaotfload.harf.glyphstream' in `glyph_stream_provider'.
Inserting `luaotfload.harf.finalize_vlist' in `post_linebreak_filter'.
Inserting `luaotfload.harf.finalize_hlist' in `hpack_filter'.
Inserting `luaotfload.cleanup_files' in `wrapup_run'.
Inserting `luaotfload.harf.finalize_unicode' in `finish_pdffile'.
Inserting `luaotfload.glyphinfo' in `glyph_info'.
Lua-only attribute luaotfload.letterspace_done = 3
Inserting `luaotfload.aux.set_sscale_dimens' in `luaotfload.patch_font'.
Inserting `luaotfload.aux.set_font_index' in `luaotfload.patch_font'.
Inserting `luaotfload.aux.patch_cambria_domh' in `luaotfload.patch_font'.
Inserting `luaotfload.aux.fixup_fontdata' in `luaotfload.patch_font_unsafe'.
Inserting `luaotfload.aux.set_capheight' in `luaotfload.patch_font'.
Inserting `luaotfload.aux.set_xheight' in `luaotfload.patch_font'.
Inserting `luaotfload.rewrite_fontname' in `luaotfload.patch_font'.
Inserting `tracingstacklevels' in `input_level_string'. (/var/home/ryhunsaker/.
local/texlive/2025/texmf-dist/tex/latex/base/report.cls
Document Class: report 2025/01/22 v1.4n Standard LaTeX document class
(/var/home/ryhunsaker/.local/texlive/2025/texmf-dist/tex/latex/base/size10.clo
File: size10.clo 2025/01/22 v1.4n Standard LaTeX file (size option)
luaotfload | db : Font names database loaded from /var/home/ryhunsaker/.local/te
xlive/2025/texmf-var/luatex-cache/generic/names/luaotfload-names.luc.gz)
\c@part=\count273
\c@chapter=\count274
\c@section=\count275
\c@subsection=\count276
\c@subsubsection=\count277
\c@paragraph=\count278
\c@subparagraph=\count279
\c@figure=\count280
\c@table=\count281
\abovecaptionskip=\skip49
\belowcaptionskip=\skip50
\bibindent=\dimen147
)
(/var/home/ryhunsaker/.local/texlive/2025/texmf-dist/tex/latex/xcolor/xcolor.st
y
Package: xcolor 2024/09/29 v3.02 LaTeX color extensions (UK)

(/var/home/ryhunsaker/.local/texlive/2025/texmf-dist/tex/latex/graphics-cfg/col
or.cfg
File: color.cfg 2016/01/02 v1.6 sample color configuration
)
Package xcolor Info: Driver file: luatex.def on input line 274.

(/var/home/ryhunsaker/.local/texlive/2025/texmf-dist/tex/latex/graphics-def/lua
tex.def
File: luatex.def 2025/09/29 v1.2f Graphics/color driver for luatex
)
(/var/home/ryhunsaker/.local/texlive/2025/texmf-dist/tex/latex/graphics/mathcol
or.ltx)
Package xcolor Info: Model `cmy' substituted by `cmy0' on input line 1349.
Package xcolor Info: Model `hsb' substituted by `rgb' on input line 1353.
Package xcolor Info: Model `RGB' extended on input line 1365.
Package xcolor Info: Model `HTML' substituted by `rgb' on input line 1367.
Package xcolor Info: Model `Hsb' substituted by `hsb' on input line 1368.
Package xcolor Info: Model `tHsb' substituted by `hsb' on input line 1369.
Package xcolor Info: Model `HSB' substituted by `hsb' on input line 1370.
Package xcolor Info: Model `Gray' substituted by `gray' on input line 1371.
Package xcolor Info: Model `wave' substituted by `hsb' on input line 1372.
)
(/var/home/ryhunsaker/.local/texlive/2025/texmf-dist/tex/latex/amsmath/amsmath.
sty
Package: amsmath 2025/07/09 v2.17z AMS math features
\@mathmargin=\skip51

For additional information on amsmath, use the `?' option.

(/var/home/ryhunsaker/.local/texlive/2025/texmf-dist/tex/latex/amsmath/amstext.
sty
Package: amstext 2024/11/17 v2.01 AMS text

(/var/home/ryhunsaker/.local/texlive/2025/texmf-dist/tex/latex/amsmath/amsgen.s
ty
File: amsgen.sty 1999/11/30 v2.0 generic functions
\@emptytoks=\toks17
\ex@=\dimen148
))
(/var/home/ryhunsaker/.local/texlive/2025/texmf-dist/tex/latex/amsmath/amsbsy.s
ty
Package: amsbsy 1999/11/29 v1.2d Bold Symbols
\pmbraise@=\dimen149
)
(/var/home/ryhunsaker/.local/texlive/2025/texmf-dist/tex/latex/amsmath/amsopn.s
ty
Package: amsopn 2022/04/08 v2.04 operator names
)
\inf@bad=\count282
LaTeX Info: Redefining \frac on input line 235.
\uproot@=\count283
\leftroot@=\count284
LaTeX Info: Redefining \overline on input line 398.
LaTeX Info: Redefining \colon on input line 409.
\classnum@=\count285
\DOTSCASE@=\count286
LaTeX Info: Redefining \ldots on input line 495.
LaTeX Info: Redefining \dots on input line 498.
LaTeX Info: Redefining \cdots on input line 619.
\Mathstrutbox@=\box53
\strutbox@=\box54
LaTeX Info: Redefining \big on input line 721.
LaTeX Info: Redefining \Big on input line 722.
LaTeX Info: Redefining \bigg on input line 723.
LaTeX Info: Redefining \Bigg on input line 724.
\big@size=\dimen150
LaTeX Font Info:    Redeclaring font encoding OML on input line 742.
LaTeX Font Info:    Redeclaring font encoding OMS on input line 743.
\macc@depth=\count287
LaTeX Info: Redefining \bmod on input line 904.
LaTeX Info: Redefining \pmod on input line 909.
LaTeX Info: Redefining \smash on input line 939.
LaTeX Info: Redefining \relbar on input line 969.
LaTeX Info: Redefining \Relbar on input line 970.
\c@MaxMatrixCols=\count288
\dotsspace@=\muskip17
\c@parentequation=\count289
\dspbrk@lvl=\count290
\tag@help=\toks18
\row@=\count291
\column@=\count292
\maxfields@=\count293
\andhelp@=\toks19
\eqnshift@=\dimen151
\alignsep@=\dimen152
\tagshift@=\dimen153
\tagwidth@=\dimen154
\totwidth@=\dimen155
\lineht@=\dimen156
\@envbody=\toks20
\multlinegap=\skip52
\multlinetaggap=\skip53
\mathdisplay@stack=\toks21
LaTeX Info: Redefining \[ on input line 2950.
LaTeX Info: Redefining \] on input line 2951.
)
(/var/home/ryhunsaker/.local/texlive/2025/texmf-dist/tex/latex/amsfonts/amssymb
.sty
Package: amssymb 2013/01/14 v3.01 AMS font symbols

(/var/home/ryhunsaker/.local/texlive/2025/texmf-dist/tex/latex/amsfonts/amsfont
s.sty
Package: amsfonts 2013/01/14 v3.01 Basic AMSFonts support
\symAMSa=\mathgroup4
\symAMSb=\mathgroup5
LaTeX Font Info:    Redeclaring math symbol \hbar on input line 98.
LaTeX Font Info:    Overwriting math alphabet `\mathfrak' in version `bold'
(Font)                  U/euf/m/n --> U/euf/b/n on input line 106.
))
(/var/home/ryhunsaker/.local/texlive/2025/texmf-dist/tex/generic/iftex/iftex.st
y
Package: iftex 2024/12/12 v1.0g TeX engine tests
)
(/var/home/ryhunsaker/.local/texlive/2025/texmf-dist/tex/latex/unicode-math/uni
code-math.sty
(/var/home/ryhunsaker/.local/texlive/2025/texmf-dist/tex/latex/l3kernel/expl3.s
ty
Package: expl3 2025-12-29 L3 programming layer (loader) 

(/var/home/ryhunsaker/.local/texlive/2025/texmf-dist/tex/latex/l3backend/l3back
end-luatex.def
File: l3backend-luatex.def 2025-10-09 L3 backend support: PDF output (LuaTeX)
\l__color_backend_stack_int=\count294
Inserting `l3color' in `luaotfload.parse_color'.))
Package: unicode-math 2023/08/13 v0.8r Unicode maths in XeLaTeX and LuaLaTeX

(/var/home/ryhunsaker/.local/texlive/2025/texmf-dist/tex/latex/unicode-math/uni
code-math-luatex.sty
Package: unicode-math-luatex 2023/08/13 v0.8r Unicode maths in XeLaTeX and LuaL
aTeX

(/var/home/ryhunsaker/.local/texlive/2025/texmf-dist/tex/latex/l3packages/xpars
e/xparse.sty
Package: xparse 2025-10-09 L3 Experimental document command parser
)
(/var/home/ryhunsaker/.local/texlive/2025/texmf-dist/tex/latex/l3packages/l3key
s2e/l3keys2e.sty
Package: l3keys2e 2025-10-09 LaTeX2e option processing using LaTeX3 keys
)
(/var/home/ryhunsaker/.local/texlive/2025/texmf-dist/tex/latex/fontspec/fontspe
c.sty
Package: fontspec 2025/09/29 v2.9g Font selection for XeLaTeX and LuaLaTeX
Lua module: fontspec 2025/09/29 v2.9g Font selection for XeLaTeX and LuaLaTeX
(/var/home/ryhunsaker/.local/texlive/2025/texmf-dist/tex/latex/fontspec/fontspe
c-luatex.sty
Package: fontspec-luatex 2025/09/29 v2.9g Font selection for XeLaTeX and LuaLaT
eX
\l__fontspec_script_int=\count295
\l__fontspec_language_int=\count296
\l__fontspec_strnum_int=\count297
\l__fontspec_tmp_int=\count298
\l__fontspec_tmpa_int=\count299
\l__fontspec_tmpb_int=\count300
\l__fontspec_tmpc_int=\count301
\l__fontspec_em_int=\count302
\l__fontspec_emdef_int=\count303
\l__fontspec_strong_int=\count304
\l__fontspec_strongdef_int=\count305
\l__fontspec_tmpa_dim=\dimen157
\l__fontspec_tmpb_dim=\dimen158
\l__fontspec_tmpc_dim=\dimen159

(/var/home/ryhunsaker/.local/texlive/2025/texmf-dist/tex/latex/base/fontenc.sty
Package: fontenc 2025/07/18 v2.1d Standard LaTeX package
)
(/var/home/ryhunsaker/.local/texlive/2025/texmf-dist/tex/latex/fontspec/fontspe
c.cfg)))
(/var/home/ryhunsaker/.local/texlive/2025/texmf-dist/tex/latex/base/fix-cm.sty
Package: fix-cm 2020/11/24 v1.1t fixes to LaTeX

(/var/home/ryhunsaker/.local/texlive/2025/texmf-dist/tex/latex/base/ts1enc.def
File: ts1enc.def 2001/06/05 v3.0e (jk/car/fm) Standard LaTeX file
LaTeX Font Info:    Redeclaring font encoding TS1 on input line 47.
LaTeX Encoding Info:    Redeclaring text command \capitalcedilla (encoding TS1)
 on input line 49.
LaTeX Encoding Info:    Redeclaring text command \capitalogonek (encoding TS1) 
on input line 52.
LaTeX Encoding Info:    Redeclaring text command \capitalgrave (encoding TS1) o
n input line 55.
LaTeX Encoding Info:    Redeclaring text command \capitalacute (encoding TS1) o
n input line 56.
LaTeX Encoding Info:    Redeclaring text command \capitalcircumflex (encoding T
S1) on input line 57.
LaTeX Encoding Info:    Redeclaring text command \capitaltilde (encoding TS1) o
n input line 58.
LaTeX Encoding Info:    Redeclaring text command \capitaldieresis (encoding TS1
) on input line 59.
LaTeX Encoding Info:    Redeclaring text command \capitalhungarumlaut (encoding
 TS1) on input line 60.
LaTeX Encoding Info:    Redeclaring text command \capitalring (encoding TS1) on
 input line 61.
LaTeX Encoding Info:    Redeclaring text command \capitalcaron (encoding TS1) o
n input line 62.
LaTeX Encoding Info:    Redeclaring text command \capitalbreve (encoding TS1) o
n input line 63.
LaTeX Encoding Info:    Redeclaring text command \capitalmacron (encoding TS1) 
on input line 64.
LaTeX Encoding Info:    Redeclaring text command \capitaldotaccent (encoding TS
1) on input line 65.
LaTeX Encoding Info:    Redeclaring text command \t (encoding TS1) on input lin
e 66.
LaTeX Encoding Info:    Redeclaring text command \capitaltie (encoding TS1) on 
input line 67.
LaTeX Encoding Info:    Redeclaring text command \newtie (encoding TS1) on inpu
t line 68.
LaTeX Encoding Info:    Redeclaring text command \capitalnewtie (encoding TS1) 
on input line 69.
LaTeX Encoding Info:    Redeclaring text symbol \textcapitalcompwordmark (encod
ing TS1) on input line 70.
LaTeX Encoding Info:    Redeclaring text symbol \textascendercompwordmark (enco
ding TS1) on input line 71.
LaTeX Encoding Info:    Redeclaring text symbol \textquotestraightbase (encodin
g TS1) on input line 72.
LaTeX Encoding Info:    Redeclaring text symbol \textquotestraightdblbase (enco
ding TS1) on input line 73.
LaTeX Encoding Info:    Redeclaring text symbol \texttwelveudash (encoding TS1)
 on input line 74.
LaTeX Encoding Info:    Redeclaring text symbol \textthreequartersemdash (encod
ing TS1) on input line 75.
LaTeX Encoding Info:    Redeclaring text symbol \textleftarrow (encoding TS1) o
n input line 76.
LaTeX Encoding Info:    Redeclaring text symbol \textrightarrow (encoding TS1) 
on input line 77.
LaTeX Encoding Info:    Redeclaring text symbol \textblank (encoding TS1) on in
put line 78.
LaTeX Encoding Info:    Redeclaring text symbol \textdollar (encoding TS1) on i
nput line 79.
LaTeX Encoding Info:    Redeclaring text symbol \textquotesingle (encoding TS1)
 on input line 80.
LaTeX Encoding Info:    Redeclaring text command \textasteriskcentered (encodin
g TS1) on input line 81.
LaTeX Encoding Info:    Redeclaring text symbol \textdblhyphen (encoding TS1) o
n input line 92.
LaTeX Encoding Info:    Redeclaring text symbol \textfractionsolidus (encoding 
TS1) on input line 93.
LaTeX Encoding Info:    Redeclaring text symbol \textzerooldstyle (encoding TS1
) on input line 94.
LaTeX Encoding Info:    Redeclaring text symbol \textoneoldstyle (encoding TS1)
 on input line 95.
LaTeX Encoding Info:    Redeclaring text symbol \texttwooldstyle (encoding TS1)
 on input line 96.
LaTeX Encoding Info:    Redeclaring text symbol \textthreeoldstyle (encoding TS
1) on input line 97.
LaTeX Encoding Info:    Redeclaring text symbol \textfouroldstyle (encoding TS1
) on input line 98.
LaTeX Encoding Info:    Redeclaring text symbol \textfiveoldstyle (encoding TS1
) on input line 99.
LaTeX Encoding Info:    Redeclaring text symbol \textsixoldstyle (encoding TS1)
 on input line 100.
LaTeX Encoding Info:    Redeclaring text symbol \textsevenoldstyle (encoding TS
1) on input line 101.
LaTeX Encoding Info:    Redeclaring text symbol \texteightoldstyle (encoding TS
1) on input line 102.
LaTeX Encoding Info:    Redeclaring text symbol \textnineoldstyle (encoding TS1
) on input line 103.
LaTeX Encoding Info:    Redeclaring text symbol \textlangle (encoding TS1) on i
nput line 104.
LaTeX Encoding Info:    Redeclaring text symbol \textminus (encoding TS1) on in
put line 105.
LaTeX Encoding Info:    Redeclaring text symbol \textrangle (encoding TS1) on i
nput line 106.
LaTeX Encoding Info:    Redeclaring text symbol \textmho (encoding TS1) on inpu
t line 107.
LaTeX Encoding Info:    Redeclaring text symbol \textbigcircle (encoding TS1) o
n input line 108.
LaTeX Encoding Info:    Redeclaring text command \textcircled (encoding TS1) on
 input line 109.
LaTeX Encoding Info:    Redeclaring text symbol \textohm (encoding TS1) on inpu
t line 115.
LaTeX Encoding Info:    Redeclaring text symbol \textlbrackdbl (encoding TS1) o
n input line 116.
LaTeX Encoding Info:    Redeclaring text symbol \textrbrackdbl (encoding TS1) o
n input line 117.
LaTeX Encoding Info:    Redeclaring text symbol \textuparrow (encoding TS1) on 
input line 118.
LaTeX Encoding Info:    Redeclaring text symbol \textdownarrow (encoding TS1) o
n input line 119.
LaTeX Encoding Info:    Redeclaring text symbol \textasciigrave (encoding TS1) 
on input line 120.
LaTeX Encoding Info:    Redeclaring text symbol \textborn (encoding TS1) on inp
ut line 121.
LaTeX Encoding Info:    Redeclaring text symbol \textdivorced (encoding TS1) on
 input line 122.
LaTeX Encoding Info:    Redeclaring text symbol \textdied (encoding TS1) on inp
ut line 123.
LaTeX Encoding Info:    Redeclaring text symbol \textleaf (encoding TS1) on inp
ut line 124.
LaTeX Encoding Info:    Redeclaring text symbol \textmarried (encoding TS1) on 
input line 125.
LaTeX Encoding Info:    Redeclaring text symbol \textmusicalnote (encoding TS1)
 on input line 126.
LaTeX Encoding Info:    Redeclaring text symbol \texttildelow (encoding TS1) on
 input line 127.
LaTeX Encoding Info:    Redeclaring text symbol \textdblhyphenchar (encoding TS
1) on input line 128.
LaTeX Encoding Info:    Redeclaring text symbol \textasciibreve (encoding TS1) 
on input line 129.
LaTeX Encoding Info:    Redeclaring text symbol \textasciicaron (encoding TS1) 
on input line 130.
LaTeX Encoding Info:    Redeclaring text symbol \textacutedbl (encoding TS1) on
 input line 131.
LaTeX Encoding Info:    Redeclaring text symbol \textgravedbl (encoding TS1) on
 input line 132.
LaTeX Encoding Info:    Redeclaring text symbol \textdagger (encoding TS1) on i
nput line 133.
LaTeX Encoding Info:    Redeclaring text symbol \textdaggerdbl (encoding TS1) o
n input line 134.
LaTeX Encoding Info:    Redeclaring text symbol \textbardbl (encoding TS1) on i
nput line 135.
LaTeX Encoding Info:    Redeclaring text symbol \textperthousand (encoding TS1)
 on input line 136.
LaTeX Encoding Info:    Redeclaring text symbol \textbullet (encoding TS1) on i
nput line 137.
LaTeX Encoding Info:    Redeclaring text symbol \textcelsius (encoding TS1) on 
input line 138.
LaTeX Encoding Info:    Redeclaring text symbol \textdollaroldstyle (encoding T
S1) on input line 139.
LaTeX Encoding Info:    Redeclaring text symbol \textcentoldstyle (encoding TS1
) on input line 140.
LaTeX Encoding Info:    Redeclaring text symbol \textflorin (encoding TS1) on i
nput line 141.
LaTeX Encoding Info:    Redeclaring text symbol \textcolonmonetary (encoding TS
1) on input line 142.
LaTeX Encoding Info:    Redeclaring text symbol \textwon (encoding TS1) on inpu
t line 143.
LaTeX Encoding Info:    Redeclaring text symbol \textnaira (encoding TS1) on in
put line 144.
LaTeX Encoding Info:    Redeclaring text symbol \textguarani (encoding TS1) on 
input line 145.
LaTeX Encoding Info:    Redeclaring text symbol \textpeso (encoding TS1) on inp
ut line 146.
LaTeX Encoding Info:    Redeclaring text symbol \textlira (encoding TS1) on inp
ut line 147.
LaTeX Encoding Info:    Redeclaring text symbol \textrecipe (encoding TS1) on i
nput line 148.
LaTeX Encoding Info:    Redeclaring text symbol \textinterrobang (encoding TS1)
 on input line 149.
LaTeX Encoding Info:    Redeclaring text symbol \textinterrobangdown (encoding 
TS1) on input line 150.
LaTeX Encoding Info:    Redeclaring text symbol \textdong (encoding TS1) on inp
ut line 151.
LaTeX Encoding Info:    Redeclaring text symbol \texttrademark (encoding TS1) o
n input line 152.
LaTeX Encoding Info:    Redeclaring text symbol \textpertenthousand (encoding T
S1) on input line 153.
LaTeX Encoding Info:    Redeclaring text symbol \textpilcrow (encoding TS1) on 
input line 154.
LaTeX Encoding Info:    Redeclaring text symbol \textbaht (encoding TS1) on inp
ut line 155.
LaTeX Encoding Info:    Redeclaring text symbol \textnumero (encoding TS1) on i
nput line 156.
LaTeX Encoding Info:    Redeclaring text symbol \textdiscount (encoding TS1) on
 input line 157.
LaTeX Encoding Info:    Redeclaring text symbol \textestimated (encoding TS1) o
n input line 158.
LaTeX Encoding Info:    Redeclaring text symbol \textopenbullet (encoding TS1) 
on input line 159.
LaTeX Encoding Info:    Redeclaring text symbol \textservicemark (encoding TS1)
 on input line 160.
LaTeX Encoding Info:    Redeclaring text symbol \textlquill (encoding TS1) on i
nput line 161.
LaTeX Encoding Info:    Redeclaring text symbol \textrquill (encoding TS1) on i
nput line 162.
LaTeX Encoding Info:    Redeclaring text symbol \textcent (encoding TS1) on inp
ut line 163.
LaTeX Encoding Info:    Redeclaring text symbol \textsterling (encoding TS1) on
 input line 164.
LaTeX Encoding Info:    Redeclaring text symbol \textcurrency (encoding TS1) on
 input line 165.
LaTeX Encoding Info:    Redeclaring text symbol \textyen (encoding TS1) on inpu
t line 166.
LaTeX Encoding Info:    Redeclaring text symbol \textbrokenbar (encoding TS1) o
n input line 167.
LaTeX Encoding Info:    Redeclaring text symbol \textsection (encoding TS1) on 
input line 168.
LaTeX Encoding Info:    Redeclaring text symbol \textasciidieresis (encoding TS
1) on input line 169.
LaTeX Encoding Info:    Redeclaring text symbol \textcopyright (encoding TS1) o
n input line 170.
LaTeX Encoding Info:    Redeclaring text symbol \textordfeminine (encoding TS1)
 on input line 171.
LaTeX Encoding Info:    Redeclaring text symbol \textcopyleft (encoding TS1) on
 input line 172.
LaTeX Encoding Info:    Redeclaring text symbol \textlnot (encoding TS1) on inp
ut line 173.
LaTeX Encoding Info:    Redeclaring text symbol \textcircledP (encoding TS1) on
 input line 174.
LaTeX Encoding Info:    Redeclaring text symbol \textregistered (encoding TS1) 
on input line 175.
LaTeX Encoding Info:    Redeclaring text symbol \textasciimacron (encoding TS1)
 on input line 176.
LaTeX Encoding Info:    Redeclaring text symbol \textdegree (encoding TS1) on i
nput line 177.
LaTeX Encoding Info:    Redeclaring text symbol \textpm (encoding TS1) on input
 line 178.
LaTeX Encoding Info:    Redeclaring text symbol \texttwosuperior (encoding TS1)
 on input line 179.
LaTeX Encoding Info:    Redeclaring text symbol \textthreesuperior (encoding TS
1) on input line 180.
LaTeX Encoding Info:    Redeclaring text symbol \textasciiacute (encoding TS1) 
on input line 181.
LaTeX Encoding Info:    Redeclaring text symbol \textmu (encoding TS1) on input
 line 182.
LaTeX Encoding Info:    Redeclaring text symbol \textparagraph (encoding TS1) o
n input line 183.
LaTeX Encoding Info:    Redeclaring text symbol \textperiodcentered (encoding T
S1) on input line 184.
LaTeX Encoding Info:    Redeclaring text symbol \textreferencemark (encoding TS
1) on input line 185.
LaTeX Encoding Info:    Redeclaring text symbol \textonesuperior (encoding TS1)
 on input line 186.
LaTeX Encoding Info:    Redeclaring text symbol \textordmasculine (encoding TS1
) on input line 187.
LaTeX Encoding Info:    Redeclaring text symbol \textsurd (encoding TS1) on inp
ut line 188.
LaTeX Encoding Info:    Redeclaring text symbol \textonequarter (encoding TS1) 
on input line 189.
LaTeX Encoding Info:    Redeclaring text symbol \textonehalf (encoding TS1) on 
input line 190.
LaTeX Encoding Info:    Redeclaring text symbol \textthreequarters (encoding TS
1) on input line 191.
LaTeX Encoding Info:    Redeclaring text symbol \texteuro (encoding TS1) on inp
ut line 192.
LaTeX Encoding Info:    Redeclaring text symbol \texttimes (encoding TS1) on in
put line 193.
LaTeX Encoding Info:    Redeclaring text symbol \textdiv (encoding TS1) on inpu
t line 194.
))
(/var/home/ryhunsaker/.local/texlive/2025/texmf-dist/tex/lualatex/lualatex-math
/lualatex-math.sty
Package: lualatex-math 2022/01/01 v1.12 Patches for mathematics typesetting wit
h LuaLaTeX

(/var/home/ryhunsaker/.local/texlive/2025/texmf-dist/tex/latex/etoolbox/etoolbo
x.sty
Package: etoolbox 2025/10/02 v2.5m e-TeX tools for LaTeX (JAW)
\etb@tempcnta=\count306
)
Lua module: lualatex-math 2013/08/03 v1.3 Patches for mathematics typesetting wi
th LuaLaTeX)
\g__um_fam_int=\count307
\g__um_fonts_used_int=\count308
\l__um_primecount_int=\count309
\g__um_primekern_muskip=\muskip18

(/var/home/ryhunsaker/.local/texlive/2025/texmf-dist/tex/latex/unicode-math/uni
code-math-table.tex)))
(/var/home/ryhunsaker/.local/texlive/2025/texmf-dist/tex/latex/lm/lmodern.sty
Package: lmodern 2015/05/01 v1.6.1 Latin Modern Fonts
LaTeX Font Info:    Overwriting symbol font `operators' in version `normal'
(Font)                  OT1/cmr/m/n --> OT1/lmr/m/n on input line 22.
LaTeX Font Info:    Overwriting symbol font `letters' in version `normal'
(Font)                  OML/cmm/m/it --> OML/lmm/m/it on input line 23.
LaTeX Font Info:    Overwriting symbol font `symbols' in version `normal'
(Font)                  OMS/cmsy/m/n --> OMS/lmsy/m/n on input line 24.
LaTeX Font Info:    Overwriting symbol font `largesymbols' in version `normal'
(Font)                  OMX/cmex/m/n --> OMX/lmex/m/n on input line 25.
LaTeX Font Info:    Overwriting symbol font `operators' in version `bold'
(Font)                  OT1/cmr/bx/n --> OT1/lmr/bx/n on input line 26.
LaTeX Font Info:    Overwriting symbol font `letters' in version `bold'
(Font)                  OML/cmm/b/it --> OML/lmm/b/it on input line 27.
LaTeX Font Info:    Overwriting symbol font `symbols' in version `bold'
(Font)                  OMS/cmsy/b/n --> OMS/lmsy/b/n on input line 28.
LaTeX Font Info:    Overwriting symbol font `largesymbols' in version `bold'
(Font)                  OMX/cmex/m/n --> OMX/lmex/m/n on input line 29.
LaTeX Font Info:    Overwriting math alphabet `\mathbf' in version `normal'
(Font)                  OT1/cmr/bx/n --> OT1/lmr/bx/n on input line 31.
LaTeX Font Info:    Overwriting math alphabet `\mathsf' in version `normal'
(Font)                  OT1/cmss/m/n --> OT1/lmss/m/n on input line 32.
LaTeX Font Info:    Overwriting math alphabet `\mathit' in version `normal'
(Font)                  OT1/cmr/m/it --> OT1/lmr/m/it on input line 33.
LaTeX Font Info:    Overwriting math alphabet `\mathtt' in version `normal'
(Font)                  OT1/cmtt/m/n --> OT1/lmtt/m/n on input line 34.
LaTeX Font Info:    Overwriting math alphabet `\mathbf' in version `bold'
(Font)                  OT1/cmr/bx/n --> OT1/lmr/bx/n on input line 35.
LaTeX Font Info:    Overwriting math alphabet `\mathsf' in version `bold'
(Font)                  OT1/cmss/bx/n --> OT1/lmss/bx/n on input line 36.
LaTeX Font Info:    Overwriting math alphabet `\mathit' in version `bold'
(Font)                  OT1/cmr/bx/it --> OT1/lmr/bx/it on input line 37.
LaTeX Font Info:    Overwriting math alphabet `\mathtt' in version `bold'
(Font)                  OT1/cmtt/m/n --> OT1/lmtt/m/n on input line 38.
)
(/var/home/ryhunsaker/.local/texlive/2025/texmf-dist/tex/latex/upquote/upquote.
sty
Package: upquote 2012/04/19 v1.3 upright-quote and grave-accent glyphs in verba
tim

(/var/home/ryhunsaker/.local/texlive/2025/texmf-dist/tex/latex/base/textcomp.st
y
Package: textcomp 2024/04/24 v2.1b Standard LaTeX package
))
(/var/home/ryhunsaker/.local/texlive/2025/texmf-dist/tex/latex/microtype/microt
ype.sty
Package: microtype 2025/07/09 v3.2b Micro-typographical refinements (RS)

(/var/home/ryhunsaker/.local/texlive/2025/texmf-dist/tex/latex/graphics/keyval.
sty
Package: keyval 2022/05/29 v1.15 key=value parser (DPC)
\KV@toks@=\toks22
)
\MT@toks=\toks23
\MT@tempbox=\box55
\MT@count=\count310
LaTeX Info: Redefining \noprotrusionifhmode on input line 1087.
LaTeX Info: Redefining \leftprotrusion on input line 1088.
\MT@prot@toks=\toks24
LaTeX Info: Redefining \rightprotrusion on input line 1107.
LaTeX Info: Redefining \textls on input line 1449.
\MT@outer@kern=\dimen160
LaTeX Info: Redefining \microtypecontext on input line 2053.
LaTeX Info: Redefining \textmicrotypecontext on input line 2070.
\MT@listname@count=\count311

(/var/home/ryhunsaker/.local/texlive/2025/texmf-dist/tex/latex/microtype/microt
ype-luatex.def
File: microtype-luatex.def 2025/07/09 v3.2b Definitions specific to luatex (RS)

Lua module: microtype 2025/07/09 v3.2b microtype module.
Module microtype Info: overwriting function `keepligature' on input line 63
LaTeX Info: Redefining \lsstyle on input line 779.
LaTeX Info: Redefining \lslig on input line 779.
\MT@outer@space=\skip54
)
Package microtype Info: Loading configuration file microtype.cfg.

(/var/home/ryhunsaker/.local/texlive/2025/texmf-dist/tex/latex/microtype/microt
ype.cfg
File: microtype.cfg 2025/07/09 v3.2b microtype main configuration file (RS)
)
LaTeX Info: Redefining \microtypesetup on input line 3065.
)
(/var/home/ryhunsaker/.local/texlive/2025/texmf-dist/tex/latex/parskip/parskip.
sty
Package: parskip 2021-03-14 v2.0h non-zero parskip adjustments

(/var/home/ryhunsaker/.local/texlive/2025/texmf-dist/tex/latex/kvoptions/kvopti
ons.sty
Package: kvoptions 2022-06-15 v3.15 Key value format for package options (HO)

(/var/home/ryhunsaker/.local/texlive/2025/texmf-dist/tex/generic/ltxcmds/ltxcmd
s.sty
Package: ltxcmds 2023-12-04 v1.26 LaTeX kernel commands for general use (HO)
)
(/var/home/ryhunsaker/.local/texlive/2025/texmf-dist/tex/latex/kvsetkeys/kvsetk
eys.sty
Package: kvsetkeys 2022-10-05 v1.19 Key value parser (HO)
)))
(/var/home/ryhunsaker/.local/texlive/2025/texmf-dist/tex/latex/fancyvrb/fancyvr
b.sty
Package: fancyvrb 2025/07/28 4.6 verbatim text (tvz,hv)
\FV@CodeLineNo=\count312
\FV@InFile=\read2
\FV@TabBox=\box56
\c@FancyVerbLine=\count313
\FV@StepNumber=\count314
\FV@OutFile=\write3
)
(/var/home/ryhunsaker/.local/texlive/2025/texmf-dist/tex/latex/tools/longtable.
sty
Package: longtable 2025-10-13 v4.24 Multi-page Table package (DPC)
\LTleft=\skip55
\LTright=\skip56
\LTpre=\skip57
\LTpost=\skip58
\LTchunksize=\count315
\LTcapwidth=\dimen161
\LT@head=\box57
\LT@firsthead=\box58
\LT@foot=\box59
\LT@lastfoot=\box60
\LT@gbox=\box61
\LT@cols=\count316
\LT@rows=\count317
\c@LT@tables=\count318
\c@LT@chunks=\count319
\LT@p@ftn=\toks25
)
(/var/home/ryhunsaker/.local/texlive/2025/texmf-dist/tex/latex/booktabs/booktab
s.sty
Package: booktabs 2020/01/12 v1.61803398 Publication quality tables
\heavyrulewidth=\dimen162
\lightrulewidth=\dimen163
\cmidrulewidth=\dimen164
\belowrulesep=\dimen165
\belowbottomsep=\dimen166
\aboverulesep=\dimen167
\abovetopsep=\dimen168
\cmidrulesep=\dimen169
\cmidrulekern=\dimen170
\defaultaddspace=\dimen171
\@cmidla=\count320
\@cmidlb=\count321
\@aboverulesep=\dimen172
\@belowrulesep=\dimen173
\@thisruleclass=\count322
\@lastruleclass=\count323
\@thisrulewidth=\dimen174
)
(/var/home/ryhunsaker/.local/texlive/2025/texmf-dist/tex/latex/tools/array.sty
Package: array 2025/09/25 v2.6n Tabular extension package (FMi)
\col@sep=\dimen175
\ar@mcellbox=\box62
\extrarowheight=\dimen176
\NC@list=\toks26
\extratabsurround=\skip59
\backup@length=\skip60
\ar@cellbox=\box63
)
\c@none=\count324
(/var/home/ryhunsaker/.local/texlive/2025/texmf-dist/tex/latex/tools/calc.sty
Package: calc 2025/03/01 v4.3b Infix arithmetic (KKT,FJ)
\calc@Acount=\count325
\calc@Bcount=\count326
\calc@Adimen=\dimen177
\calc@Bdimen=\dimen178
\calc@Askip=\skip61
\calc@Bskip=\skip62
LaTeX Info: Redefining \setlength on input line 86.
LaTeX Info: Redefining \addtolength on input line 87.
\calc@Ccount=\count327
\calc@Cskip=\skip63
)
(/var/home/ryhunsaker/.local/texlive/2025/texmf-dist/tex/latex/footnotehyper/fo
otnotehyper.sty
Package: footnotehyper 2025/11/15 v1.1f hyperref aware footnote.sty (JFB)
\FNH@notes=\box64
\FNH@width=\dimen179
\FNH@toks=\toks27
)
(/var/home/ryhunsaker/.local/texlive/2025/texmf-dist/tex/generic/babel/babel.st
y
Package: babel 2025/12/30 v25.18 The multilingual framework for LuaLaTeX, pdfLa
TeX and XeLaTeX

(/var/home/ryhunsaker/.local/texlive/2025/texmf-dist/tex/generic/babel/luababel
.def
\bbl@readstream=\read3
\l@dumylang=\language2
Package babel Info: Non-standard hyphenation setup on input line 118.
\l@nohyphenation=\language3
\l@german-x-2024-02-28=\language4
\l@ngerman-x-2024-02-28=\language5
\l@afrikaans=\language6
\l@albanian=\language7
\l@ancientgreek=\language8
\l@ibycus=\language9
\l@arabic=\language10
\l@armenian=\language11
\l@basque=\language12
\l@belarusian=\language13
\l@bulgarian=\language14
\l@catalan=\language15
\l@pinyin=\language16
\l@churchslavonic=\language17
\l@coptic=\language18
\l@croatian=\language19
\l@czech=\language20
\l@danish=\language21
\l@dutch=\language22
\l@ukenglish=\language23
\l@usenglishmax=\language24
\l@esperanto=\language25
\l@estonian=\language26
\l@ethiopic=\language27
\l@farsi=\language28
\l@finnish=\language29
\l@schoolfinnish=\language30
\l@french=\language31
\l@friulan=\language32
\l@galician=\language33
\l@georgian=\language34
\l@german=\language35
\l@ngerman=\language36
\l@swissgerman=\language37
\l@greek=\language38
\l@monogreek=\language39
\l@hebrew=\language40
\l@hungarian=\language41
\l@icelandic=\language42
\l@assamese=\language43
\l@bengali=\language44
\l@gujarati=\language45
\l@hindi=\language46
\l@kannada=\language47
\l@malayalam=\language48
\l@marathi=\language49
\l@oriya=\language50
\l@pali=\language51
\l@panjabi=\language52
\l@tamil=\language53
\l@telugu=\language54
\l@indonesian=\language55
\l@interlingua=\language56
\l@irish=\language57
\l@italian=\language58
\l@kurmanji=\language59
\l@classiclatin=\language60
\l@latin=\language61
\l@liturgicallatin=\language62
\l@latvian=\language63
\l@lithuanian=\language64
\l@macedonian=\language65
\l@mongolian=\language66
\l@mongolianlmc=\language67
\l@bokmal=\language68
\l@nynorsk=\language69
\l@occitan=\language70
\l@piedmontese=\language71
\l@polish=\language72
\l@portuguese=\language73
\l@romanian=\language74
\l@romansh=\language75
\l@russian=\language76
\l@sanskrit=\language77
\l@serbian=\language78
\l@serbianc=\language79
\l@slovak=\language80
\l@slovenian=\language81
\l@spanish=\language82
\l@swedish=\language83
\l@thai=\language84
\l@turkish=\language85
\l@turkmen=\language86
\l@ukrainian=\language87
\l@uppersorbian=\language88
\l@vietnamese=\language89
\l@welsh=\language90
\babelcatcodetablenum=\catcodetable14
\bbl@pattcodes=\catcodetable15
)
\babel@savecnt=\count328
LaTeX Encoding Info:    Redeclaring text command \ij (encoding OT1) on input li
ne 2068.
LaTeX Encoding Info:    Redeclaring text command \IJ (encoding OT1) on input li
ne 2070.
LaTeX Encoding Info:    Redeclaring text command \ij (encoding T1) on input lin
e 2072.
LaTeX Encoding Info:    Redeclaring text command \IJ (encoding T1) on input lin
e 2073.
LaTeX Encoding Info:    Ignoring declaration for text command \ij (encoding ?) 
on input line 2074.
LaTeX Encoding Info:    Ignoring declaration for text command \IJ (encoding ?) 
on input line 2076.
LaTeX Encoding Info:    Ignoring declaration for text command \SS (encoding ?) 
on input line 2101.
\U@D=\dimen180
\l@unhyphenated=\language91

(/var/home/ryhunsaker/.local/texlive/2025/texmf-dist/tex/generic/babel/luababel
.def
\bbl@attr@locale=\attribute4

(/var/home/ryhunsaker/.local/texlive/2025/texmf-dist/tex/luatex/luatexbase/luat
exbase.sty
Package: luatexbase 2015/10/04 v1.3 luatexbase interface to LuaTeX 

(/var/home/ryhunsaker/.local/texlive/2025/texmf-dist/tex/luatex/ctablestack/cta
blestack.sty
Package: ctablestack 2015/10/01 v1.0 Catcode table stable support
\@catcodetablestackcnt=\count329
)
\CatcodeTableOther=\catcodetable16
\CatcodeTableExpl=\catcodetable17
)
Removing  `luaotfload.node_processor' from `pre_linebreak_filter'.
Inserting `Babel.pre_otfload_v' in `pre_linebreak_filter'.
Inserting `luaotfload.node_processor' in `pre_linebreak_filter'.
Removing  `luaotfload.node_processor' from `hpack_filter'.
Removing  `luaotfload.harf.finalize_hlist' from `hpack_filter'.
Inserting `Babel.pre_otfload_h' in `hpack_filter'.
Inserting `luaotfload.node_processor' in `hpack_filter'.
Inserting `luaotfload.harf.finalize_hlist' in `hpack_filter'.
\bbl@attr@dir=\attribute5
)
(/var/home/ryhunsaker/.local/texlive/2025/texmf-dist/tex/generic/babel/locale/e
n/babel-english.tex)
Package babel Info: Importing font and identification data for english
(babel)             from babel-en.ini. Reported on input line 4321.

(/var/home/ryhunsaker/.local/texlive/2025/texmf-dist/tex/generic/babel-english/
english.ldf
Language: english 2017/06/06 v3.3r English support from the babel system
Package babel Info: Hyphen rules for 'canadian' set to \l@english
(babel)             (\language0). Reported on input line 102.
Package babel Info: Hyphen rules for 'australian' set to \l@ukenglish
(babel)             (\language23). Reported on input line 105.
Package babel Info: Hyphen rules for 'newzealand' set to \l@ukenglish
(babel)             (\language23). Reported on input line 108.
))
(/var/home/ryhunsaker/.local/texlive/2025/texmf-dist/tex/lualatex/selnolig/seln
olig.sty
=== Package selnolig, Version 0.302, Date 2015/10/26 ===
Package: selnolig 2015/10/26

(/var/home/ryhunsaker/.local/texlive/2025/texmf-dist/tex/generic/iftex/ifluatex
.sty
Package: ifluatex 2019/10/25 v1.5 ifluatex legacy package. Use iftex instead.
)
Inserting `Suppress ligatures selectively' in `ligaturing'.
(/var/home/ryhunsaker/.local/texlive/2025/texmf-dist/tex/lualatex/selnolig/seln
olig-english-patterns.sty
Package: selnolig-english-patterns 2015/10/26
)
(/var/home/ryhunsaker/.local/texlive/2025/texmf-dist/tex/lualatex/selnolig/seln
olig-english-hyphex.sty
Package: selnolig-english-hyphex 2015/10/26
))
(/var/home/ryhunsaker/.local/texlive/2025/texmf-dist/tex/latex/fvextra/fvextra.
sty
Package: fvextra 2025/05/29 v1.13.2 fvextra - extensions and patches for fancyv
rb

(/var/home/ryhunsaker/.local/texlive/2025/texmf-dist/tex/generic/pdftexcmds/pdf
texcmds.sty
Package: pdftexcmds 2020-06-27 v0.33 Utility functions of pdfTeX for LuaTeX (HO
)

(/var/home/ryhunsaker/.local/texlive/2025/texmf-dist/tex/generic/infwarerr/infw
arerr.sty
Package: infwarerr 2019/12/03 v1.5 Providing info/warning/error messages (HO)
)
Package pdftexcmds Info: \pdf@primitive is available.
Package pdftexcmds Info: \pdf@ifprimitive is available.
Package pdftexcmds Info: \pdfdraftmode found.
\pdftexcmds@toks=\toks28
)
(/var/home/ryhunsaker/.local/texlive/2025/texmf-dist/tex/latex/lineno/lineno.st
y
Package: lineno 2025/05/13 line numbers on paragraphs v5.5
\linenopenalty=\count330
\output=\toks29
\linenoprevgraf=\count331
\linenumbersep=\dimen181
\linenumberwidth=\dimen182
\c@linenumber=\count332
\c@pagewiselinenumber=\count333
\c@LN@truepage=\count334
\c@internallinenumber=\count335
\c@internallinenumbers=\count336
\quotelinenumbersep=\dimen183
\bframerule=\dimen184
\bframesep=\dimen185
\bframebox=\box65
\@LN@amsmath@ams@eqpen=\count337
)
\c@FancyVerbWriteLine=\count338
\c@FancyVerbBufferLine=\count339
\c@FV@TrueTabGroupLevel=\count340
\c@FV@TrueTabCounter=\count341
\FV@TabBox@Group=\box66
\FV@bgcolorstructbox=\box67
\FV@TmpLength=\skip64
\c@FV@HighlightLinesStart=\count342
\c@FV@HighlightLinesStop=\count343
\FV@LoopCount=\count344
\FV@NCharsBox=\box68
\FV@BreakIndent=\dimen186
\FV@BreakIndentNChars=\count345
\FV@BreakSymbolSepLeft=\dimen187
\FV@BreakSymbolSepLeftNChars=\count346
\FV@BreakSymbolSepRight=\dimen188
\FV@BreakSymbolSepRightNChars=\count347
\FV@BreakSymbolIndentLeft=\dimen189
\FV@BreakSymbolIndentLeftNChars=\count348
\FV@BreakSymbolIndentRight=\dimen190
\FV@BreakSymbolIndentRightNChars=\count349
\c@FancyVerbLineBreakLast=\count350
\FV@LineBox=\box69
\FV@LineIndentBox=\box70
\c@FV@BreakBufferDepth=\count351
\FV@LineWidth=\dimen191
)
(/var/home/ryhunsaker/.local/texlive/2025/texmf-dist/tex/latex/bookmark/bookmar
k.sty
Package: bookmark 2023-12-10 v1.31 PDF bookmarks (HO)

(/var/home/ryhunsaker/.local/texlive/2025/texmf-dist/tex/latex/hyperref/hyperre
f.sty
Package: hyperref 2025-07-12 v7.01o Hypertext links for LaTeX

(/var/home/ryhunsaker/.local/texlive/2025/texmf-dist/tex/generic/kvdefinekeys/k
vdefinekeys.sty
Package: kvdefinekeys 2019-12-19 v1.6 Define keys (HO)
)
(/var/home/ryhunsaker/.local/texlive/2025/texmf-dist/tex/generic/pdfescape/pdfe
scape.sty
Package: pdfescape 2019/12/09 v1.15 Implements pdfTeX's escape features (HO)
)
(/var/home/ryhunsaker/.local/texlive/2025/texmf-dist/tex/latex/hycolor/hycolor.
sty
Package: hycolor 2020-01-27 v1.10 Color options for hyperref/bookmark (HO)
)
(/var/home/ryhunsaker/.local/texlive/2025/texmf-dist/tex/latex/hyperref/nameref
.sty
Package: nameref 2025-06-21 v2.57 Cross-referencing by name of section

(/var/home/ryhunsaker/.local/texlive/2025/texmf-dist/tex/latex/refcount/refcoun
t.sty
Package: refcount 2019/12/15 v3.6 Data extraction from label references (HO)
)
(/var/home/ryhunsaker/.local/texlive/2025/texmf-dist/tex/generic/gettitlestring
/gettitlestring.sty
Package: gettitlestring 2019/12/15 v1.6 Cleanup title references (HO)
)
\c@section@level=\count352
)
(/var/home/ryhunsaker/.local/texlive/2025/texmf-dist/tex/generic/stringenc/stri
ngenc.sty
Package: stringenc 2019/11/29 v1.12 Convert strings between diff. encodings (HO
)
)
\@linkdim=\dimen192
\Hy@linkcounter=\count353
\Hy@pagecounter=\count354

(/var/home/ryhunsaker/.local/texlive/2025/texmf-dist/tex/latex/hyperref/pd1enc.
def
File: pd1enc.def 2025-07-12 v7.01o Hyperref: PDFDocEncoding definition (HO)
)
(/var/home/ryhunsaker/.local/texlive/2025/texmf-dist/tex/generic/intcalc/intcal
c.sty
Package: intcalc 2019/12/15 v1.3 Expandable calculations with integers (HO)
)
\Hy@SavedSpaceFactor=\count355

(/var/home/ryhunsaker/.local/texlive/2025/texmf-dist/tex/latex/hyperref/puenc.d
ef
File: puenc.def 2025-07-12 v7.01o Hyperref: PDF Unicode definition (HO)
)
Package hyperref Info: Option `unicode' set `true' on input line 4066.
Package hyperref Info: Hyper figures OFF on input line 4195.
Package hyperref Info: Link nesting OFF on input line 4200.
Package hyperref Info: Hyper index ON on input line 4203.
Package hyperref Info: Plain pages OFF on input line 4210.
Package hyperref Info: Backreferencing OFF on input line 4215.
Package hyperref Info: Implicit mode ON; LaTeX internals redefined.
Package hyperref Info: Bookmarks ON on input line 4462.
\c@Hy@tempcnt=\count356
 (/var/home/ryhunsaker/.local/texlive/2025/texmf-dist/tex/latex/url/url.sty
\Urlmuskip=\muskip19
Package: url 2013/09/16  ver 3.4  Verb mode for urls, etc.
)
LaTeX Info: Redefining \url on input line 4801.
\XeTeXLinkMargin=\dimen193

(/var/home/ryhunsaker/.local/texlive/2025/texmf-dist/tex/generic/bitset/bitset.
sty
Package: bitset 2019/12/09 v1.3 Handle bit-vector datatype (HO)

(/var/home/ryhunsaker/.local/texlive/2025/texmf-dist/tex/generic/bigintcalc/big
intcalc.sty
Package: bigintcalc 2019/12/15 v1.5 Expandable calculations on big integers (HO
)
))
\Fld@menulength=\count357
\Field@Width=\dimen194
\Fld@charsize=\dimen195
Package hyperref Info: Hyper figures OFF on input line 6078.
Package hyperref Info: Link nesting OFF on input line 6083.
Package hyperref Info: Hyper index ON on input line 6086.
Package hyperref Info: backreferencing OFF on input line 6093.
Package hyperref Info: Link coloring OFF on input line 6098.
Package hyperref Info: Link coloring with OCG OFF on input line 6103.
Package hyperref Info: PDF/A mode OFF on input line 6108.
\Hy@abspage=\count358
\c@Item=\count359
\c@Hfootnote=\count360
)
Package hyperref Info: Driver (autodetected): hluatex.

(/var/home/ryhunsaker/.local/texlive/2025/texmf-dist/tex/latex/hyperref/hluatex
.def
File: hluatex.def 2025-07-12 v7.01o Hyperref driver for luaTeX
\Fld@listcount=\count361
\c@bookmark@seq@number=\count362

(/var/home/ryhunsaker/.local/texlive/2025/texmf-dist/tex/latex/rerunfilecheck/r
erunfilecheck.sty
Package: rerunfilecheck 2025-06-21 v1.11 Rerun checks for auxiliary files (HO)

(/var/home/ryhunsaker/.local/texlive/2025/texmf-dist/tex/generic/uniquecounter/
uniquecounter.sty
Package: uniquecounter 2019/12/15 v1.4 Provide unlimited unique counter (HO)
)
Package uniquecounter Info: New unique counter `rerunfilecheck' on input line 2
84.
)
\Hy@SectionHShift=\skip65
)
(/var/home/ryhunsaker/.local/texlive/2025/texmf-dist/tex/latex/bookmark/bkm-pdf
tex.def
File: bkm-pdftex.def 2023-12-10 v1.31 bookmark driver for pdfTeX and luaTeX (HO
)
\BKM@id=\count363
))
(/var/home/ryhunsaker/.local/texlive/2025/texmf-dist/tex/latex/xurl/xurl.sty
Package: xurl 2022/01/09 v 0.10 modify URL breaks
)
(./OpenSCAD_Curriculum.aux)
\openout1 = OpenSCAD_Curriculum.aux

LaTeX Font Info:    Checking defaults for OML/cmm/m/it on input line 120.
LaTeX Font Info:    ... okay on input line 120.
LaTeX Font Info:    Checking defaults for OMS/cmsy/m/n on input line 120.
LaTeX Font Info:    ... okay on input line 120.
LaTeX Font Info:    Checking defaults for OT1/cmr/m/n on input line 120.
LaTeX Font Info:    ... okay on input line 120.
LaTeX Font Info:    Checking defaults for T1/cmr/m/n on input line 120.
LaTeX Font Info:    ... okay on input line 120.
LaTeX Font Info:    Checking defaults for TS1/cmr/m/n on input line 120.
LaTeX Font Info:    ... okay on input line 120.
LaTeX Font Info:    Checking defaults for TU/lmr/m/n on input line 120.
LaTeX Font Info:    ... okay on input line 120.
LaTeX Font Info:    Checking defaults for OMX/cmex/m/n on input line 120.
LaTeX Font Info:    ... okay on input line 120.
LaTeX Font Info:    Checking defaults for U/cmr/m/n on input line 120.
LaTeX Font Info:    ... okay on input line 120.
LaTeX Font Info:    Checking defaults for PD1/pdf/m/n on input line 120.
LaTeX Font Info:    ... okay on input line 120.
LaTeX Font Info:    Checking defaults for PU/pdf/m/n on input line 120.
LaTeX Font Info:    ... okay on input line 120.

(/var/home/ryhunsaker/.local/texlive/2025/texmf-dist/tex/context/base/mkii/supp
-pdf.mkii
[Loading MPS to PDF converter (version 2006.09.02).]
\scratchcounter=\count364
\scratchdimen=\dimen196
\scratchbox=\box71
\nofMPsegments=\count365
\nofMParguments=\count366
\everyMPshowfont=\toks30
\MPscratchCnt=\count367
\MPscratchDim=\dimen197
\MPnumerator=\count368
\makeMPintoPDFobject=\count369
\everyMPtoPDFconversion=\toks31
)
LaTeX Font Info:    Overwriting math alphabet `\mathrm' in version `normal'
(Font)                  OT1/lmr/m/n --> TU/lmr/m/n on input line 120.
LaTeX Font Info:    Overwriting math alphabet `\mathit' in version `normal'
(Font)                  OT1/lmr/m/it --> TU/lmr/m/it on input line 120.
LaTeX Font Info:    Overwriting math alphabet `\mathbf' in version `normal'
(Font)                  OT1/lmr/bx/n --> TU/lmr/bx/n on input line 120.
LaTeX Font Info:    Overwriting math alphabet `\mathsf' in version `normal'
(Font)                  OT1/lmss/m/n --> TU/lmss/m/n on input line 120.
LaTeX Font Info:    Overwriting math alphabet `\mathsf' in version `bold'
(Font)                  OT1/lmss/bx/n --> TU/lmss/bx/n on input line 120.
LaTeX Font Info:    Overwriting math alphabet `\mathtt' in version `normal'
(Font)                  OT1/lmtt/m/n --> TU/lmtt/m/n on input line 120.
LaTeX Font Info:    Overwriting math alphabet `\mathtt' in version `bold'
(Font)                  OT1/lmtt/m/n --> TU/lmtt/bx/n on input line 120.

Package fontspec Info: 
(fontspec)             latinmodern-math scale = 0.9999964596882403.


Package fontspec Info: 
(fontspec)             latinmodern-math scale = 0.9999964596882403.


Package fontspec Info: 
(fontspec)             latinmodern-math scale = 0.9999964596882403.


Package fontspec Info: 
(fontspec)             Font family 'latinmodern-math.otf(0)' created for font
(fontspec)             'latinmodern-math.otf' with options
(fontspec)             [Scale=MatchLowercase,Renderer=Basic,BoldItalicFont={},I
talicFont={},SmallCapsFont={},Script=Math,RawFeature={mathfontdimen=xetex},Bold
Font={latinmodern-math.otf}].
(fontspec)              
(fontspec)              This font family consists of the following NFSS
(fontspec)             series/shapes:
(fontspec)              
(fontspec)             - 'normal' (m/n) with NFSS spec.:
(fontspec)             <->s*[0.9999964596882403]"[latinmodern-math.otf]:mode=ba
se;script=math;language=dflt;mathfontdimen=xetex;"
(fontspec)             - 'bold' (b/n) with NFSS spec.:
(fontspec)             <->s*[0.9999964596882403]"[latinmodern-math.otf]:mode=ba
se;script=math;language=dflt;mathfontdimen=xetex;"

LaTeX Font Info:    Font shape `TU/latinmodern-math.otf(0)/m/n' will be
(Font)              scaled to size 10.0pt on input line 120.

Package fontspec Info: 
(fontspec)             latinmodern-math scale = 0.9999964596882403.


Package fontspec Info: 
(fontspec)             latinmodern-math scale = 0.9999964596882403.


Package fontspec Info: 
(fontspec)             latinmodern-math scale = 0.9999964596882403.


Package fontspec Info: 
(fontspec)             latinmodern-math scale = 0.9999964596882403.


Package fontspec Info: 
(fontspec)             latinmodern-math scale = 0.9999964596882403.


Package fontspec Info: 
(fontspec)             Font family 'latinmodern-math.otf(1)' created for font
(fontspec)             'latinmodern-math.otf' with options
(fontspec)             [Scale=MatchLowercase,Renderer=Basic,BoldItalicFont={},I
talicFont={},SmallCapsFont={},Script=Math,SizeFeatures={{Size=8.5-},{Size=6-8.5
,Font=latinmodern-math.otf,Style=MathScript},{Size=-6,Font=latinmodern-math.otf
,Style=MathScriptScript}},RawFeature={mathfontdimen=xetex},BoldFont={latinmoder
n-math.otf}].
(fontspec)              
(fontspec)              This font family consists of the following NFSS
(fontspec)             series/shapes:
(fontspec)              
(fontspec)             - 'normal' (m/n) with NFSS spec.:
(fontspec)             <8.5->s*[0.9999964596882403]"[latinmodern-math.otf]:mode
=base;script=math;language=dflt;mathfontdimen=xetex;"<6-8.5>s*[0.99999645968824
03]"[latinmodern-math.otf]:mode=base;script=math;language=dflt;mathfontdimen=xe
tex;+ssty=0;"<-6>s*[0.9999964596882403]"[latinmodern-math.otf]:mode=base;script
=math;language=dflt;mathfontdimen=xetex;+ssty=1;"
(fontspec)             - 'bold' (b/n) with NFSS spec.:
(fontspec)             <->s*[0.9999964596882403]"[latinmodern-math.otf]:mode=ba
se;script=math;language=dflt;mathfontdimen=xetex;"

LaTeX Font Info:    Font shape `TU/latinmodern-math.otf(1)/m/n' will be
(Font)              scaled to size 10.0pt on input line 120.
LaTeX Font Info:    Encoding `OT1' has changed to `TU' for symbol font
(Font)              `operators' in the math version `normal' on input line 120.

LaTeX Font Info:    Overwriting symbol font `operators' in version `normal'
(Font)                  OT1/lmr/m/n --> TU/latinmodern-math.otf(1)/m/n on input
 line 120.
LaTeX Font Info:    Encoding `OT1' has changed to `TU' for symbol font
(Font)              `operators' in the math version `bold' on input line 120.
LaTeX Font Info:    Overwriting symbol font `operators' in version `bold'
(Font)                  OT1/lmr/bx/n --> TU/latinmodern-math.otf(1)/b/n on inpu
t line 120.

Package fontspec Info: 
(fontspec)             latinmodern-math scale = 0.9999964596882403.


Package fontspec Info: 
(fontspec)             latinmodern-math scale = 0.9999964596882403.


Package fontspec Info: 
(fontspec)             latinmodern-math scale = 0.9999964596882403.


Package fontspec Info: 
(fontspec)             latinmodern-math scale = 0.9999964596882403.


Package fontspec Info: 
(fontspec)             latinmodern-math scale = 0.9999964596882403.


Package fontspec Info: 
(fontspec)             Font family 'latinmodern-math.otf(2)' created for font
(fontspec)             'latinmodern-math.otf' with options
(fontspec)             [Scale=MatchLowercase,Renderer=Basic,BoldItalicFont={},I
talicFont={},SmallCapsFont={},Script=Math,SizeFeatures={{Size=8.5-},{Size=6-8.5
,Font=latinmodern-math.otf,Style=MathScript},{Size=-6,Font=latinmodern-math.otf
,Style=MathScriptScript}},RawFeature={mathfontdimen=xetex},BoldFont={latinmoder
n-math.otf},RawFeature={mathfontdimen=tex2}].
(fontspec)              
(fontspec)              This font family consists of the following NFSS
(fontspec)             series/shapes:
(fontspec)              
(fontspec)             - 'normal' (m/n) with NFSS spec.:
(fontspec)             <8.5->s*[0.9999964596882403]"[latinmodern-math.otf]:mode
=base;script=math;language=dflt;mathfontdimen=xetex;mathfontdimen=tex2;"<6-8.5>
s*[0.9999964596882403]"[latinmodern-math.otf]:mode=base;script=math;language=df
lt;mathfontdimen=xetex;mathfontdimen=tex2;+ssty=0;"<-6>s*[0.9999964596882403]"[
latinmodern-math.otf]:mode=base;script=math;language=dflt;mathfontdimen=xetex;m
athfontdimen=tex2;+ssty=1;"
(fontspec)             - 'bold' (b/n) with NFSS spec.:
(fontspec)             <->s*[0.9999964596882403]"[latinmodern-math.otf]:mode=ba
se;script=math;language=dflt;mathfontdimen=xetex;mathfontdimen=tex2;"

LaTeX Font Info:    Encoding `OMS' has changed to `TU' for symbol font
(Font)              `symbols' in the math version `normal' on input line 120.
LaTeX Font Info:    Overwriting symbol font `symbols' in version `normal'
(Font)                  OMS/lmsy/m/n --> TU/latinmodern-math.otf(2)/m/n on inpu
t line 120.
LaTeX Font Info:    Encoding `OMS' has changed to `TU' for symbol font
(Font)              `symbols' in the math version `bold' on input line 120.
LaTeX Font Info:    Overwriting symbol font `symbols' in version `bold'
(Font)                  OMS/lmsy/b/n --> TU/latinmodern-math.otf(2)/b/n on inpu
t line 120.

Package fontspec Info: 
(fontspec)             latinmodern-math scale = 0.9999964596882403.


Package fontspec Info: 
(fontspec)             latinmodern-math scale = 0.9999964596882403.


Package fontspec Info: 
(fontspec)             latinmodern-math scale = 0.9999964596882403.


Package fontspec Info: 
(fontspec)             latinmodern-math scale = 0.9999964596882403.


Package fontspec Info: 
(fontspec)             latinmodern-math scale = 0.9999964596882403.


Package fontspec Info: 
(fontspec)             Font family 'latinmodern-math.otf(3)' created for font
(fontspec)             'latinmodern-math.otf' with options
(fontspec)             [Scale=MatchLowercase,Renderer=Basic,BoldItalicFont={},I
talicFont={},SmallCapsFont={},Script=Math,SizeFeatures={{Size=8.5-},{Size=6-8.5
,Font=latinmodern-math.otf,Style=MathScript},{Size=-6,Font=latinmodern-math.otf
,Style=MathScriptScript}},RawFeature={mathfontdimen=xetex},BoldFont={latinmoder
n-math.otf},RawFeature={mathfontdimen=tex3}].
(fontspec)              
(fontspec)              This font family consists of the following NFSS
(fontspec)             series/shapes:
(fontspec)              
(fontspec)             - 'normal' (m/n) with NFSS spec.:
(fontspec)             <8.5->s*[0.9999964596882403]"[latinmodern-math.otf]:mode
=base;script=math;language=dflt;mathfontdimen=xetex;mathfontdimen=tex3;"<6-8.5>
s*[0.9999964596882403]"[latinmodern-math.otf]:mode=base;script=math;language=df
lt;mathfontdimen=xetex;mathfontdimen=tex3;+ssty=0;"<-6>s*[0.9999964596882403]"[
latinmodern-math.otf]:mode=base;script=math;language=dflt;mathfontdimen=xetex;m
athfontdimen=tex3;+ssty=1;"
(fontspec)             - 'bold' (b/n) with NFSS spec.:
(fontspec)             <->s*[0.9999964596882403]"[latinmodern-math.otf]:mode=ba
se;script=math;language=dflt;mathfontdimen=xetex;mathfontdimen=tex3;"

LaTeX Font Info:    Encoding `OMX' has changed to `TU' for symbol font
(Font)              `largesymbols' in the math version `normal' on input line 1
20.
LaTeX Font Info:    Overwriting symbol font `largesymbols' in version `normal'
(Font)                  OMX/lmex/m/n --> TU/latinmodern-math.otf(3)/m/n on inpu
t line 120.
LaTeX Font Info:    Encoding `OMX' has changed to `TU' for symbol font
(Font)              `largesymbols' in the math version `bold' on input line 120
.
LaTeX Font Info:    Overwriting symbol font `largesymbols' in version `bold'
(Font)                  OMX/lmex/m/n --> TU/latinmodern-math.otf(3)/b/n on inpu
t line 120.
LaTeX Font Info:    Font shape `TU/latinmodern-math.otf(1)/m/n' will be
(Font)              scaled to size 7.0pt on input line 120.
LaTeX Font Info:    Font shape `TU/latinmodern-math.otf(1)/m/n' will be
(Font)              scaled to size 5.0pt on input line 120.
LaTeX Font Info:    Trying to load font information for OML+lmm on input line 1
20.
 (/var/home/ryhunsaker/.local/texlive/2025/texmf-dist/tex/latex/lm/omllmm.fd
File: omllmm.fd 2015/05/01 v1.6.1 Font defs for Latin Modern
)
LaTeX Font Info:    Font shape `TU/latinmodern-math.otf(2)/m/n' will be
(Font)              scaled to size 10.0pt on input line 120.
LaTeX Font Info:    Font shape `TU/latinmodern-math.otf(2)/m/n' will be
(Font)              scaled to size 7.0pt on input line 120.
LaTeX Font Info:    Font shape `TU/latinmodern-math.otf(2)/m/n' will be
(Font)              scaled to size 5.0pt on input line 120.
LaTeX Font Info:    Font shape `TU/latinmodern-math.otf(3)/m/n' will be
(Font)              scaled to size 10.0pt on input line 120.
LaTeX Font Info:    Font shape `TU/latinmodern-math.otf(3)/m/n' will be
(Font)              scaled to size 7.0pt on input line 120.
LaTeX Font Info:    Font shape `TU/latinmodern-math.otf(3)/m/n' will be
(Font)              scaled to size 5.0pt on input line 120.
LaTeX Font Info:    Trying to load font information for U+msa on input line 120
.

(/var/home/ryhunsaker/.local/texlive/2025/texmf-dist/tex/latex/amsfonts/umsa.fd
File: umsa.fd 2013/01/14 v3.01 AMS symbols A
)
LaTeX Font Info:    Trying to load font information for U+msb on input line 120
.

(/var/home/ryhunsaker/.local/texlive/2025/texmf-dist/tex/latex/amsfonts/umsb.fd
File: umsb.fd 2013/01/14 v3.01 AMS symbols B
)
LaTeX Info: Redefining \microtypecontext on input line 120.
Package microtype Info: Applying patch `item' on input line 120.
Package microtype Info: Applying patch `toc' on input line 120.
Package microtype Info: Applying patch `eqnum' on input line 120.
Package microtype Info: Applying patch `footnote' on input line 120.
Package microtype Info: Applying patch `verbatim' on input line 120.
LaTeX Info: Redefining \microtypesetup on input line 120.
Package microtype Info: Generating PDF output.
Package microtype Info: Character protrusion enabled (level 2).
Package microtype Info: Using protrusion set `basicmath'.
Package microtype Info: Automatic font expansion enabled (level 2),
(microtype)             stretch: 20, shrink: 20, step: 1, non-selected.
Package microtype Info: Using default expansion set `alltext-nott'.
Package microtype Info: Patching command `\showhyphens'.
Package microtype Info: No adjustment of tracking.
Package microtype Info: No adjustment of spacing.
Package microtype Info: No adjustment of kerning.

(/var/home/ryhunsaker/.local/texlive/2025/texmf-dist/tex/latex/microtype/mt-Lat
inModernRoman.cfg
File: mt-LatinModernRoman.cfg 2021/02/21 v1.1 microtype config. file: Latin Mod
ern Roman (RS)
)
Removing  `Babel.pre_otfload_h' from `hpack_filter'.
Removing  `luaotfload.node_processor' from `hpack_filter'.
Removing  `luaotfload.harf.finalize_hlist' from `hpack_filter'.
Inserting `Babel.math_box_dir' in `hpack_filter'.
Inserting `Babel.pre_otfload_h' in `hpack_filter'.
Inserting `luaotfload.node_processor' in `hpack_filter'.
Inserting `luaotfload.harf.finalize_hlist' in `hpack_filter'.
Inserting `Babel.unset_atdir' in `pre_linebreak_filter'.
Inserting `Babel.unset_atdir' in `hpack_filter'.
Package hyperref Info: Link coloring OFF on input line 120.
LaTeX Font Info:    Font shape `TU/latinmodern-math.otf(1)/m/n' will be
(Font)              scaled to size 12.0pt on input line 122.
LaTeX Font Info:    Font shape `TU/latinmodern-math.otf(1)/m/n' will be
(Font)              scaled to size 8.0pt on input line 122.
LaTeX Font Info:    Font shape `TU/latinmodern-math.otf(1)/m/n' will be
(Font)              scaled to size 6.0pt on input line 122.
LaTeX Font Info:    Font shape `TU/latinmodern-math.otf(2)/m/n' will be
(Font)              scaled to size 12.0pt on input line 122.
LaTeX Font Info:    Font shape `TU/latinmodern-math.otf(2)/m/n' will be
(Font)              scaled to size 8.0pt on input line 122.
LaTeX Font Info:    Font shape `TU/latinmodern-math.otf(2)/m/n' will be
(Font)              scaled to size 6.0pt on input line 122.
LaTeX Font Info:    Font shape `TU/latinmodern-math.otf(3)/m/n' will be
(Font)              scaled to size 12.0pt on input line 122.
LaTeX Font Info:    Font shape `TU/latinmodern-math.otf(3)/m/n' will be
(Font)              scaled to size 8.0pt on input line 122.
LaTeX Font Info:    Font shape `TU/latinmodern-math.otf(3)/m/n' will be
(Font)              scaled to size 6.0pt on input line 122.

(/var/home/ryhunsaker/.local/texlive/2025/texmf-dist/tex/latex/microtype/mt-msa
.cfg
File: mt-msa.cfg 2006/02/04 v1.1 microtype config. file: AMS symbols (a) (RS)
)
(/var/home/ryhunsaker/.local/texlive/2025/texmf-dist/tex/latex/microtype/mt-msb
.cfg
File: mt-msb.cfg 2005/06/01 v1.0 microtype config. file: AMS symbols (b) (RS)
) [1

{/var/home/ryhunsaker/.local/texlive/2025/texmf-var/fonts/map/pdftex/updmap/pdft
ex.map}]

! LaTeX Error: Command \maketitle undefined.

See the LaTeX manual or LaTeX Companion for explanation.
Type  H <return>  for immediate help.
 ...                                              
                                                  
l.123 \renewcommand{\maketitle}
                               {}
? 

warning  (pdf backend): ignoring duplicate destination with the name 'page.1'
[1]
LaTeX Font Info:    Font shape `TU/latinmodern-math.otf(1)/m/n' will be
(Font)              scaled to size 9.0pt on input line 140.
LaTeX Font Info:    Font shape `TU/latinmodern-math.otf(2)/m/n' will be
(Font)              scaled to size 9.0pt on input line 140.
LaTeX Font Info:    Font shape `TU/latinmodern-math.otf(3)/m/n' will be
(Font)              scaled to size 9.0pt on input line 140.

warning  (pdf backend): ignoring duplicate destination with the name 'page.1'
[1] (./OpenSCAD_Curriculum.toc [2

]
Underfull \hbox (badness 2229) in paragraph at lines 56--56
 [][] []\TU/lmr/m/n/10 Your First Print - Guided Ex-ten-sion {#3dmake_foun-da- 

 []

[3]
Underfull \hbox (badness 10000) in paragraph at lines 64--64
 [][] []\TU/lmr/m/n/10 Bonus Print - Guided Ex-ten-sion {#3dmake_foun-da- 
 []

[4])
\tf@toc=\write4

\openout4 = OpenSCAD_Curriculum.toc
 [5] [6

]
Underfull \hbox (badness 3068) in paragraph at lines 210--212
[][]\TU/lmr/m/n/10 Pow-er-Shell In-tro-duc-tion[] - Screen-reader-friendly quick
-start guide
 []

[7]
Underfull \hbox (badness 4132) in paragraph at lines 284--286
[][]\TU/lmr/m/n/10 Git Bash In-tro-duc-tion[] - Screen-reader-friendly quick-sta
rt guide
 []

[8]
Overfull \hbox (9.60231pt too wide) in paragraph at lines 341--342
[]\TU/lmr/m/n/10 Lessons  
 []

[9] [10] [11] [12] [13

]
Overfull \hbox (2.95787pt too wide) in paragraph at lines 632--632
\TU/lmr/m/n/10 hours|  
 []

[14]
Overfull \hbox (5.97508pt too wide) in paragraph at lines 685--685
\TU/lmr/m/n/10 hours|  
 []


Overfull \hbox (5.97508pt too wide) in paragraph at lines 688--688
\TU/lmr/m/n/10 hours|  
 []


Overfull \hbox (5.97508pt too wide) in paragraph at lines 690--690
\TU/lmr/m/n/10 hours|  
 []


Overfull \hbox (5.97508pt too wide) in paragraph at lines 692--692
\TU/lmr/m/n/10 hours|  
 []


Overfull \hbox (5.97508pt too wide) in paragraph at lines 695--695
\TU/lmr/m/n/10 hours|  
 []


Overfull \hbox (5.97508pt too wide) in paragraph at lines 698--698
\TU/lmr/m/n/10 hours|  
 []


Overfull \hbox (5.97508pt too wide) in paragraph at lines 701--701
\TU/lmr/m/n/10 hours|  
 []


Overfull \hbox (5.97508pt too wide) in paragraph at lines 704--704
\TU/lmr/m/n/10 hours|  
 []


Overfull \hbox (5.97508pt too wide) in paragraph at lines 707--707
\TU/lmr/m/n/10 hours|  
 []

ignored error Infinite glue shrinkage found in box being split [15]
Overfull \hbox (5.04445pt too wide) in paragraph at lines 736--736
\TU/lmr/m/n/10 hours|  
 []


Overfull \hbox (5.04445pt too wide) in paragraph at lines 739--739
\TU/lmr/m/n/10 hours|  
 []


Overfull \hbox (5.04445pt too wide) in paragraph at lines 741--741
\TU/lmr/m/n/10 hours|  
 []


Overfull \hbox (5.04445pt too wide) in paragraph at lines 743--743
\TU/lmr/m/n/10 hours|  
 []


Overfull \hbox (5.04445pt too wide) in paragraph at lines 746--746
\TU/lmr/m/n/10 hours|  
 []


Overfull \hbox (5.04445pt too wide) in paragraph at lines 749--749
\TU/lmr/m/n/10 hours|  
 []


Overfull \hbox (5.04445pt too wide) in paragraph at lines 752--752
\TU/lmr/m/n/10 hours|  
 []


Overfull \hbox (5.04445pt too wide) in paragraph at lines 755--755
\TU/lmr/m/n/10 hours|  
 []


Overfull \hbox (5.04445pt too wide) in paragraph at lines 757--757
\TU/lmr/m/n/10 hours|  
 []

ignored error Infinite glue shrinkage found in box being split [16]
Overfull \hbox (4.30484pt too wide) in paragraph at lines 794--794
\TU/lmr/m/n/10 hours|  
 []


Overfull \hbox (4.30484pt too wide) in paragraph at lines 797--797
\TU/lmr/m/n/10 hours|  
 []


Overfull \hbox (4.30484pt too wide) in paragraph at lines 800--800
\TU/lmr/m/n/10 hours|  
 []


Overfull \hbox (4.30484pt too wide) in paragraph at lines 802--802
\TU/lmr/m/n/10 hours|  
 []


Overfull \hbox (4.30484pt too wide) in paragraph at lines 805--805
\TU/lmr/m/n/10 hours|  
 []


Overfull \hbox (4.30484pt too wide) in paragraph at lines 808--808
\TU/lmr/m/n/10 hours|  
 []


Overfull \hbox (4.30484pt too wide) in paragraph at lines 810--810
\TU/lmr/m/n/10 hours|  
 []


Overfull \hbox (4.30484pt too wide) in paragraph at lines 812--812
\TU/lmr/m/n/10 hours|  
 []


Overfull \hbox (4.30484pt too wide) in paragraph at lines 815--815
\TU/lmr/m/n/10 hours|  
 []

ignored error Infinite glue shrinkage found in box being split [17] [18]
Overfull \hbox (12.90019pt too wide) in paragraph at lines 859--860
[]\TU/lmr/m/n/10 Project  
 []


Overfull \hbox (4.00581pt too wide) in paragraph at lines 867--868
[]|\TU/lmr/m/n/10 None|  
 []


Overfull \hbox (4.00581pt too wide) in paragraph at lines 870--871
[]|\TU/lmr/m/n/10 None|  
 []


Overfull \hbox (4.00581pt too wide) in paragraph at lines 873--874
[]|\TU/lmr/m/n/10 None|  
 []


Overfull \hbox (9.562pt too wide) in paragraph at lines 893--894
[]\TU/lmr/m/n/10 Project  
 []


Overfull \hbox (0.66762pt too wide) in paragraph at lines 900--901
[]|\TU/lmr/m/n/10 None|  
 []


Overfull \hbox (0.66762pt too wide) in paragraph at lines 902--903
[]|\TU/lmr/m/n/10 None|  
 []

[19]
ignored error Infinite glue shrinkage found in box being split [20]
Overfull \hbox (16.91461pt too wide) in paragraph at lines 1066--1066
\TU/lmr/m/n/10 server/Learner|  
 []


Overfull \hbox (16.91461pt too wide) in paragraph at lines 1068--1068
\TU/lmr/m/n/10 server/Learner|  
 []

[21]
Overfull \hbox (10.2839pt too wide) in paragraph at lines 1186--1187
[]\TU/lmr/m/n/10 Points  
 []

[22]
Overfull \hbox (9.57501pt too wide) in paragraph at lines 1211--1212
[]\TU/lmr/m/n/10 Score  
 []


Overfull \hbox (11.53635pt too wide) in paragraph at lines 1240--1241
[]\TU/lmr/m/n/10 Score  
 []


Overfull \hbox (11.10445pt too wide) in paragraph at lines 1267--1268
[]\TU/lmr/m/n/10 Score  
 []

[23] [24] [25] [26] [27

] [28] [29] [30]
ignored error Infinite glue shrinkage found in box being split [31] [32]
[33] [34] [35]
Overfull \hbox (2.80348pt too wide) in paragraph at lines 2135--2135
[]|\TU/lmr/m/n/10 NVDA+Home|  
 []


Overfull \hbox (2.66487pt too wide) in paragraph at lines 2137--2137
[]|\TU/lmr/m/n/10 NVDA+Down 
 []


Overfull \hbox (19.97263pt too wide) in paragraph at lines 2137--2137
\TU/lmr/m/n/10 sert+Ctrl+Down|  
 []


Overfull \hbox (7.1672pt too wide) in paragraph at lines 2138--2139
\TU/lmr/m/n/10 sLock+Numpad 
 []


Overfull \hbox (7.1672pt too wide) in paragraph at lines 2140--2141
\TU/lmr/m/n/10 sLock+Numpad 
 []


Overfull \hbox (7.1672pt too wide) in paragraph at lines 2142--2143
\TU/lmr/m/n/10 sLock+Numpad 
 []


Overfull \hbox (2.80348pt too wide) in paragraph at lines 2145--2145
[]|\TU/lmr/m/n/10 NVDA+Home|  
 []

[36] [37] [38] [39]
Overfull \hbox (2.93987pt too wide) in paragraph at lines 2426--2426
[][]\TU/lmr/bx/n/14.4 Choos-ing a Screen Reader for Win-dows Command-
 []

[40]
Underfull \hbox (badness 1546) in paragraph at lines 2455--2456
[]\TU/lmr/m/n/10 Good braille dis-play sup-port via built-in braille drivers and
 the
 []

[41] [42] [43]
Overfull \hbox (2.80348pt too wide) in paragraph at lines 2646--2646
[]|\TU/lmr/m/n/10 NVDA+Home 
 []


Overfull \hbox (2.66487pt too wide) in paragraph at lines 2650--2650
[]|\TU/lmr/m/n/10 NVDA+Down 
 []


Overfull \hbox (12.93465pt too wide) in paragraph at lines 2651--2651
\TU/lmr/m/n/10 sert+Ctrl+Down 
 []


Overfull \hbox (4.22603pt too wide) in paragraph at lines 2652--2653
\TU/lmr/m/n/10 sLock+Numpad 
 []


Overfull \hbox (4.22603pt too wide) in paragraph at lines 2655--2656
\TU/lmr/m/n/10 sLock+Numpad 
 []


Overfull \hbox (4.22603pt too wide) in paragraph at lines 2658--2659
\TU/lmr/m/n/10 sLock+Numpad 
 []


Overfull \hbox (6.4015pt too wide) in paragraph at lines 2659--2659
\TU/lmr/bx/n/10 screen/buffer|  
 []


Overfull \hbox (6.4015pt too wide) in paragraph at lines 2661--2661
\TU/lmr/bx/n/10 screen/buffer|  
 []


Overfull \hbox (2.80348pt too wide) in paragraph at lines 2661--2661
[]|\TU/lmr/m/n/10 NVDA+Home|  
 []


Overfull \hbox (6.52527pt too wide) in paragraph at lines 2670--2670
\TU/lmr/m/n/10 dows+Ctrl+N 
 []

ignored error Infinite glue shrinkage found in box being split [44] [45]
[46] [47] [48] [49] [50]
LaTeX Font Info:    Font shape `TU/lmtt/bx/n' in size <10> not available
(Font)              Font shape `TU/lmtt/b/n' tried instead on input line 3027.
 [51] [52] [53]
ignored error Infinite glue shrinkage found in box being split [54] [55]
[56]
Overfull \hbox (1.16637pt too wide) in paragraph at lines 3401--3404
\TU/lmr/m/n/10 fault) \TU/lmtt/m/n/10 editor = '''C:\Program Files (x86)\Notepad
++\notepad++.exe'''
 []

[57] [58] [59] [60] [61]
Underfull \hbox (badness 6725) in paragraph at lines 3877--3878
[]\TU/lmr/m/n/10 JAWSKey+Alt+Shift+I: Cy-cle be-tween in-dent re-port-ing modes
 []

[62] [63] [64] [65] [66] [67] [68

] [69]
ignored error Infinite glue shrinkage found in box being split [70] [71]
[72] [73] [74] [75] [76] [77] [78] [79] [80] [81] [82] [83] [84] [85] [86]
[87]
ignored error Infinite glue shrinkage found in box being split [88] [89]
[90] [91] [92] [93] [94] [95] [96]
Underfull \hbox (badness 5533) in paragraph at lines 6669--6671
[]\TU/lmr/m/n/10 What hap-pens when you use \TU/lmtt/m/n/10 ls -n part?.scad \T
U/lmr/m/n/10 ver-sus \TU/lmtt/m/n/10 ls -n
 []


Underfull \hbox (badness 3668) in paragraph at lines 6673--6675
[]\TU/lmr/m/n/10 If you're in \TU/lmtt/m/n/10 /Documents/Projects/3D \TU/lmr/m/
n/10 and you want to go to
 []

[97] [98]
Underfull \hbox (badness 10000) in paragraph at lines 6821--6823
[]\TU/lmr/m/n/10 Com-pare \TU/lmtt/m/n/10 mv old_name.txt new_name.txt \TU/lmr/
m/n/10 vs \TU/lmtt/m/n/10 mv old_name.txt
 []

[99]
ignored error Infinite glue shrinkage found in box being split [100] [101]
[102] [103] [104] [105] [106] [107] [108] [109] [110] [111] [112] [113]
[114] [115] [116] [117] [118] [119] [120] [121] [122] [123] [124]
Overfull \hbox (5.64532pt too wide) in paragraph at lines 8709--8711
[]\TU/lmr/m/n/10 Cre-ate a folder struc-ture \TU/lmtt/m/n/10 ~/Documents/PowerSh
ell_Assessment/Projects
 []


Overfull \hbox (3.51553pt too wide) in paragraph at lines 8711--8713
[]\TU/lmr/m/n/10 Cre-ate five files named \TU/lmtt/m/n/10 project_1.scad\TU/lmr
/m/n/10 , \TU/lmtt/m/n/10 project_2.scad\TU/lmr/m/n/10 , \TU/lmtt/m/n/10 project
_3.txt\TU/lmr/m/n/10 ,
 []


Underfull \hbox (badness 1668) in paragraph at lines 8727--8729
[]\TU/lmr/m/n/10 Use \TU/lmtt/m/n/10 Select-String \TU/lmr/m/n/10 to search for a key-word (e.g., 
project) in
 []


Underfull \hbox (badness 1442) in paragraph at lines 8729--8731
[]\TU/lmr/m/n/10 List all files in the \TU/lmtt/m/n/10 Projects \TU/lmr/m/n/10 
folder and redi-rect the out-put to
 []


Overfull \hbox (8.10406pt too wide) in paragraph at lines 8733--8734
[]\TU/lmr/m/n/10 Run \TU/lmtt/m/n/10 Get-Help Get-ChildItem \TU/lmr/m/n/10 and 
redi-rect the out-put to \TU/lmtt/m/n/10 help_output.txt\TU/lmr/m/n/10 .
 []

[125] [126] [127] [128] [129] [130] [131] [132] [133] [134] [135] [136]
[137] [138] [139] [140] [141]
Underfull \hbox (badness 1852) in paragraph at lines 10035--10037
[]\TU/lmr/bx/n/10 Redi-rect to a file\TU/lmr/m/n/10 : \TU/lmtt/m/n/10 command > output.txt\TU/lmr/m/n/10 , then \TU/lmtt/m/n/10 notepad.exe
 []

[142] [143] [144] [145] [146] [147] [148] [149]
Underfull \hbox (badness 10000) in paragraph at lines 10591--10592
[]\TU/lmr/m/n/10 For long list-ings: \TU/lmtt/m/n/10 dir /B > listing.txt\TU/lm
r/m/n/10 , then \TU/lmtt/m/n/10 notepad.exe
 []


Underfull \hbox (badness 10000) in paragraph at lines 10603--10604
[]\TU/lmr/m/n/10 For long list-ings: \TU/lmtt/m/n/10 dir /B > listing.txt\TU/lm
r/m/n/10 , then \TU/lmtt/m/n/10 notepad.exe
 []


Underfull \hbox (badness 10000) in paragraph at lines 10627--10628
[]\TU/lmr/m/n/10 For long list-ings: \TU/lmtt/m/n/10 dir /B > listing.txt\TU/lm
r/m/n/10 , then \TU/lmtt/m/n/10 notepad.exe
 []

[150] [151] [152] [153] [154] [155] [156] [157]
ignored error Infinite glue shrinkage found in box being split [158] [159]
[160] [161] [162]
Underfull \hbox (badness 1097) in paragraph at lines 11524--11526
[]\TU/lmr/m/n/10 Cre-ate a tem-po-rary alias: \TU/lmtt/m/n/10 doskey preview=ope
nscad $* \TU/lmr/m/n/10 and test
 []

[163] [164] [165] [166] [167] [168] [169] [170] [171] [172] [173]
Overfull \hbox (12.0pt too wide) in paragraph at lines 12321--12321
\TU/lmtt/m/n/10 projectFolder=C:\Users\YourName\Documents\3D_Projects\MyKeychain
|  
 []

[174] [175] [176] [177] [178] [179] [180] [181] [182]
Overfull \hbox (23.77406pt too wide) in paragraph at lines 12999--13001
[]\TU/lmr/m/n/10 De-scribe what would hap-pen if you ran \TU/lmtt/m/n/10 rmdir 
/S /Q C:\Documents\my_folder
 []


Overfull \hbox (31.89532pt too wide) in paragraph at lines 13024--13026
[]\TU/lmr/m/n/10 Cre-ate a folder struc-ture \TU/lmtt/m/n/10 %USERPROFILE%\Docum
ents\CMD_Assessment\Projects
 []


Overfull \hbox (3.51553pt too wide) in paragraph at lines 13026--13028
[]\TU/lmr/m/n/10 Cre-ate five files named \TU/lmtt/m/n/10 project_1.scad\TU/lmr
/m/n/10 , \TU/lmtt/m/n/10 project_2.scad\TU/lmr/m/n/10 , \TU/lmtt/m/n/10 project
_3.txt\TU/lmr/m/n/10 ,
 []

[183]
Underfull \hbox (badness 1442) in paragraph at lines 13043--13045
[]\TU/lmr/m/n/10 List all files in the \TU/lmtt/m/n/10 Projects \TU/lmr/m/n/10 
folder and redi-rect the out-put to
 []

[184] [185] [186] [187] [188] [189] [190] [191] [192] [193] [194] [195]
ignored error Infinite glue shrinkage found in box being split [196] [197]
[198] [199] [200] [201] [202]
Overfull \hbox (22.46962pt too wide) in paragraph at lines 14593--14593
[][]\TU/lmr/bx/n/12 Git Bash In-tro-duc-tion - Screen-Reader Friendly (JAWS/NVDA
) 
 []

[203]
Overfull \hbox (24.64006pt too wide) in paragraph at lines 14705--14706
[]\TU/lmr/m/n/10 Run an ex-e-cutable by full path: \TU/lmtt/m/n/10 '/c/Program 
Files/OpenSCAD/openscad.exe' 
 []

[204] [205] [206] [207] [208] [209] [210] [211] [212]
Underfull \hbox (badness 1038) in paragraph at lines 15386--15387
[]\TU/lmr/m/n/10 Note: Paths in Git Bash use for-ward slashes (\TU/lmtt/m/n/10 
/\TU/lmr/m/n/10 ) and your Win-dows
 []

[213] [214] [215] [216] [217] [218] [219] [220] [221] [222] [223] [224]
[225] [226] [227] [228] [229]
Underfull \hbox (badness 2626) in paragraph at lines 16695--16697
[]\TU/lmr/m/n/10 If you're in \TU/lmtt/m/n/10 ~/Documents/Projects/3D \TU/lmr/m
/n/10 and you want to go to
 []


Underfull \hbox (badness 3009) in paragraph at lines 16707--16709
[]\TU/lmr/m/n/10 Write a one-line com-mand that lists \TU/lmtt/m/n/10 .scad \TU
/lmr/m/n/10 files and saves to
 []

[230] [231]
Underfull \hbox (badness 10000) in paragraph at lines 16843--16845
[]\TU/lmr/m/n/10 Com-pare \TU/lmtt/m/n/10 mv old_name.txt new_name.txt \TU/lmr/
m/n/10 vs \TU/lmtt/m/n/10 mv old_name.txt
 []

[232]
ignored error Infinite glue shrinkage found in box being split [233] [234]
[235] [236] [237] [238] [239]
Overfull \hbox (27.30122pt too wide) in paragraph at lines 17404--17405
[]\TU/lmr/m/n/10 Add a per-sis-tent alias line to your pro-file (ex-am-ple: \TU
/lmtt/m/n/10 alias preview='openscad'\TU/lmr/m/n/10 ),
 []

[240]
Overfull \hbox (50.04063pt too wide) in paragraph at lines 17438--17440
[]\TU/lmr/m/n/10 Write a com-mand that would run a script at the path \TU/lmtt/
m/n/10 ~/scripts/openscad_runner.sh
 []

[241] [242] [243] [244] [245] [246] [247] [248] [249] [250] [251] [252]
[253] [254] [255] [256] [257] [258]
Overfull \hbox (3.51553pt too wide) in paragraph at lines 18830--18832
[]\TU/lmr/m/n/10 Cre-ate five files named \TU/lmtt/m/n/10 project_1.scad\TU/lmr
/m/n/10 , \TU/lmtt/m/n/10 project_2.scad\TU/lmr/m/n/10 , \TU/lmtt/m/n/10 project
_3.txt\TU/lmr/m/n/10 ,
 []


Underfull \hbox (badness 1442) in paragraph at lines 18848--18850
[]\TU/lmr/m/n/10 List all files in the \TU/lmtt/m/n/10 Projects \TU/lmr/m/n/10 
folder and redi-rect the out-put to
 []

[259] [260] [261

] [262] [263] [264]
Underfull \hbox (badness 3148) in paragraph at lines 19000--19001
[]\TU/lmr/m/n/10 Post-Print Cool-ing: En-sur-ing the printer has cooled to be-lo
w
 []

[265] [266] [267] [268] [269] [270] [271] [272] [273] [274]
ignored error Infinite glue shrinkage found in box being split [275] [276]
[277] [278] [279] [280] [281] [282] [283] [284] [285] [286] [287] [288]
[289] [290] [291] [292] [293] [294] [295] [296] [297] [298] [299]

LaTeX Font Warning: Font shape `TU/lmtt/bx/it' in size <10> not available
(Font)              Font shape `TU/lmtt/b/sl' tried instead on input line 21347
.

[300] [301] [302] [303] [304] [305] [306] [307] [308] [309] [310] [311]
Overfull \hbox (17.32976pt too wide) in paragraph at lines 22282--22282
[][]\TU/lmr/bx/n/12 Nav-i-gat-ing This Cur-ricu-lum - md-Book Guide {#3dmake_fou
n-
 []

[312] [313] [314] [315]
ignored error Infinite glue shrinkage found in box being split [316] [317]
[318] [319] [320] [321] [322] [323] [324] [325] [326]
Overfull \hbox (5.08705pt too wide) in paragraph at lines 23386--23387
[]\TU/lmr/m/n/10 Points  
 []


Overfull \hbox (6.4755pt too wide) in paragraph at lines 23411--23412
[]\TU/lmr/m/n/10 Score  
 []

[327]
Overfull \hbox (2.08028pt too wide) in paragraph at lines 23437--23438
[]\TU/lmr/m/n/10 Score  
 []


Overfull \hbox (1.51627pt too wide) in paragraph at lines 23462--23463
[]\TU/lmr/m/n/10 Score  
 []

ignored error Infinite glue shrinkage found in box being split [328] [329]
[330] [331] [332] [333] [334] [335] [336]
Underfull \hbox (badness 4805) in paragraph at lines 23988--23990
[]\TU/lmr/m/n/10 Your Sec-ond Print Project ([]as-sets/Lessons_3dMake_2/Your_Sec
-
 []

[337] [338]
Overfull \hbox (17.95001pt too wide) in paragraph at lines 24147--24147
[]|\TU/lmtt/m/n/10 linear_extrude(height)|  
 []


Overfull \hbox (12.70001pt too wide) in paragraph at lines 24149--24149
[]|\TU/lmtt/m/n/10 rotate_extrude(angle)|  
 []

[339] [340] [341] [342] [343]
Overfull \hbox (15.2804pt too wide) in paragraph at lines 24389--24389
[][]\TU/lmr/bx/n/12 Real-Life Prob-lem Solver - Guided Ex-ten-sion {#3dmake_foun
-
 []

[344] [345] [346] [347]
ignored error Infinite glue shrinkage found in box being split [348]
Overfull \hbox (7.10995pt too wide) in paragraph at lines 24847--24848
[]\TU/lmr/m/n/10 Points  
 []

[349]
Overfull \hbox (3.94507pt too wide) in paragraph at lines 24872--24873
[]\TU/lmr/m/n/10 Score  
 []


Overfull \hbox (7.24275pt too wide) in paragraph at lines 24898--24899
[]\TU/lmr/m/n/10 Score  
 []


Overfull \hbox (6.57712pt too wide) in paragraph at lines 24924--24925
[]\TU/lmr/m/n/10 Score  
 []

ignored error Infinite glue shrinkage found in box being split [350]
Underfull \hbox (badness 1221) in paragraph at lines 24997--24997
[][]\TU/lmr/bx/n/12 Bonus Print - Guided Ex-ten-sion {#3dmake_foun-da-
 []

[351] [352] [353] [354] [355] [356] [357] [358] [359] [360]
ignored error Infinite glue shrinkage found in box being split [361] [362]
[363] [364] [365] [366] [367] [368] [369] [370] [371] [372] [373] [374]
[375] [376]
ignored error Infinite glue shrinkage found in box being split [377] [378]
[379]
Overfull \hbox (0.99182pt too wide) in paragraph at lines 26711--26712
\TU/lmr/m/n/10 Temp  
 []


Overfull \hbox (1.11046pt too wide) in paragraph at lines 26723--26723
[]|\TU/lmr/m/n/10 PLA|  
 []


Overfull \hbox (9.07787pt too wide) in paragraph at lines 26726--26726
[]|\TU/lmr/m/n/10 PETG|  
 []


Overfull \hbox (2.06107pt too wide) in paragraph at lines 26729--26729
[]|\TU/lmr/m/n/10 TPU|  
 []

ignored error Infinite glue shrinkage found in box being split [380] [381]
[382] [383] [384] [385]
Overfull \hbox (2.15091pt too wide) in paragraph at lines 27188--27189
[]\TU/lmr/m/n/10 Date  
 []

ignored error Infinite glue shrinkage found in box being split [386]
Overfull \hbox (3.56236pt too wide) in paragraph at lines 27269--27270
[]\TU/lmr/m/n/10 Brand  
 []


Overfull \hbox (1.25938pt too wide) in paragraph at lines 27279--27280
[]\TU/lmr/m/n/10 Notes  
 []

[387]
Overfull \hbox (2.32509pt too wide) in paragraph at lines 27358--27359
[]\TU/lmr/m/n/10 Month  
 []

[388] [389] [390] [391] [392] [393] [394]
ignored error Infinite glue shrinkage found in box being split [395] [396]
Overfull \hbox (19.47873pt too wide) in paragraph at lines 27892--27892
[][]\TU/lmr/bx/n/12 Slic-ing Set-tings Quick Ref-er-ence - PrusaSlicer {#3dmake_
foun-
 []

ignored error Infinite glue shrinkage found in box being split [397] [398]
[399] [400] [401] [402] [403] [404]
Underfull \hbox (badness 1502) in paragraph at lines 28457--28457
[][]\TU/lmr/bx/n/12 Para-met-ric Key-chain - Teacher Tem-plate (Ex-ten-sion
 []

[405] [406] [407] [408] [409]
ignored error Infinite glue shrinkage found in box being split [410] [411]
[412] [413] [414] [415] [416] [417] [418] [419] [420] [421] [422] [423]
[424] [425] [426] [427] [428] [429] [430] [431] [432] [433] [434] [435]
[436] [437] [438] [439] [440] [441] [442] [443] [444] [445] [446] [447]
[448] [449] [450] [451] [452] [453] [454] [455] [456] [457]
Overfull \hbox (8.12689pt too wide) in paragraph at lines 31503--31503
[]|\TU/lmr/m/n/10 Medium|  
 []


Overfull \hbox (8.12689pt too wide) in paragraph at lines 31505--31505
[]|\TU/lmr/m/n/10 Medium|  
 []

[458]
Underfull \hbox (badness 7081) in paragraph at lines 31566--31568
[]\TU/lmr/m/n/10 Val-i-date man-i-fold: Al-ways run}} \TU/lmtt/m/n/10 3dm descri
be \TU/lmr/m/n/10 af-ter us-ing}}
 []

ignored error Infinite glue shrinkage found in box being split [459] [460]
[461] [462] [463] [464] [465] [466] [467] [468] [469] [470] [471] [472]
[473] [474] [475] [476] [477] [478] [479]
ignored error Infinite glue shrinkage found in box being split [480] [481]
[482] [483] [484] [485] [486] [487] [488]
Overfull \hbox (0.69917pt too wide) in paragraph at lines 33994--33994
[]|\TU/lmr/m/n/10 Medium|  
 []

[489] [490] [491] [492] [493] [494] [495] [496]
Overfull \hbox (69.75pt too wide) in paragraph at lines 34614--34614
|| ||[][][][][][][][]\TU/lmtt/m/n/10 |[][][][][][][][][][]|[][][][][][][][][][]
[][]|[][][][][][][][][][][][][][][][]|[][][][][][][][]|[][][][][][][][][][][][]
[][][][][][][][]|  
 []

[497] [498] [499] [500] [501] [502] [503] [504] [505] [506] [507] [508]
[509] [510] [511] [512] [513] [514] [515] [516] [517] [518]
Overfull \hbox (4.12987pt too wide) in paragraph at lines 36465--36465
[]|\TU/lmr/m/n/10 High/Med/Low|  
 []


Overfull \hbox (3.55753pt too wide) in paragraph at lines 36465--36466
[]|\TU/lmr/m/n/10 Easy/Med/Hard|  
 []


Overfull \hbox (4.12987pt too wide) in paragraph at lines 36466--36466
[]|\TU/lmr/m/n/10 High/Med/Low|  
 []


Overfull \hbox (3.55753pt too wide) in paragraph at lines 36466--36467
[]|\TU/lmr/m/n/10 Easy/Med/Hard|  
 []

[519] [520] [521]
Overfull \hbox (9.57501pt too wide) in paragraph at lines 36769--36770
[]\TU/lmr/m/n/10 Score  
 []


Overfull \hbox (14.20396pt too wide) in paragraph at lines 36796--36797
[]\TU/lmr/m/n/10 Score  
 []

ignored error Infinite glue shrinkage found in box being split [522]
Overfull \hbox (12.20198pt too wide) in paragraph at lines 36823--36824
[]\TU/lmr/m/n/10 Score  
 []

[523] [524] [525] [526] [527] [528] [529]
Underfull \hbox (badness 3547) in paragraph at lines 37354--37355
\TU/lmr/m/n/10 Ques-tion: Ex-plain the dif-fer-ence be-tween \TU/lmtt/m/n/10 sph
ere(r=10, $fn=8) \TU/lmr/m/n/10 and
 []

[530] [531] [532] [533] [534]
Overfull \hbox (48.36192pt too wide) in paragraph at lines 37704--37704
\TU/lmtt/m/n/10 describe/preview/orient/slice\TU/lmr/m/n/10 , 
 []


Overfull \hbox (1.01985pt too wide) in paragraph at lines 37712--37712
[]|\TU/lmr/m/n/10 10|  
 []


Overfull \hbox (1.01985pt too wide) in paragraph at lines 37714--37714
[]|\TU/lmr/m/n/10 11|  
 []


Overfull \hbox (3.57794pt too wide) in paragraph at lines 37714--37714
\TU/lmr/m/n/10 vanced+|  
 []

[535]
Overfull \hbox (1.12404pt too wide) in paragraph at lines 37745--37745
[]|\TU/lmr/m/n/10 1,500+ 
 []


Overfull \hbox (1.12404pt too wide) in paragraph at lines 37748--37748
[]|\TU/lmr/m/n/10 1,200+ 
 []


Overfull \hbox (1.12404pt too wide) in paragraph at lines 37751--37751
[]|\TU/lmr/m/n/10 1,200+ 
 []


Overfull \hbox (1.12404pt too wide) in paragraph at lines 37754--37754
[]|\TU/lmr/m/n/10 1,100+ 
 []

ignored error Infinite glue shrinkage found in box being split [536] [537]
[538] [539] [540] [541] [542]
ignored error Infinite glue shrinkage found in box being split [543] [544]
[545

] [546] [547] [548] [549] [550] [551] [552] [553] [554] [555] [556]
[557] [558] [559]
ignored error Infinite glue shrinkage found in box being split [560] [561]
[562] [563] [564] [565] [566]
Overfull \hbox (17.78378pt too wide) in paragraph at lines 39729--39729
[]|\TU/lmr/m/n/10 Brim/Raft/Skirt|  
 []

[567] [568] [569] [570] [571] [572] [573] [574]
ignored error Infinite glue shrinkage found in box being split [575] [576]
[577] [578] [579] [580] [581] [582]
ignored error Infinite glue shrinkage found in box being split [583] [584]
[585]
ignored error Infinite glue shrinkage found in box being split [586] [587]
Overfull \hbox (9.07689pt too wide) in paragraph at lines 41566--41567
[]\TU/lmr/m/n/10 Strength  
 []


Overfull \hbox (0.54588pt too wide) in paragraph at lines 41570--41571
[]\TU/lmr/m/n/10 Heat  
 []


Overfull \hbox (2.59688pt too wide) in paragraph at lines 41574--41575
[]\TU/lmr/m/n/10 Cost  
 []


Overfull \hbox (0.55127pt too wide) in paragraph at lines 41582--41582
[]|\TU/lmr/m/n/10 [2/5]|  
 []


Overfull \hbox (0.55127pt too wide) in paragraph at lines 41582--41582
[]|\TU/lmr/m/n/10 [5/5]|  
 []


Overfull \hbox (0.55127pt too wide) in paragraph at lines 41584--41584
[]|\TU/lmr/m/n/10 [3/5]|  
 []


Overfull \hbox (0.55127pt too wide) in paragraph at lines 41584--41584
[]|\TU/lmr/m/n/10 [4/5]|  
 []


Overfull \hbox (4.99347pt too wide) in paragraph at lines 41586--41586
[]|\TU/lmr/m/n/10 100C|  
 []


Overfull \hbox (0.55127pt too wide) in paragraph at lines 41586--41586
[]|\TU/lmr/m/n/10 [5/5]|  
 []


Overfull \hbox (0.55127pt too wide) in paragraph at lines 41586--41586
[]|\TU/lmr/m/n/10 [2/5]|  
 []


Overfull \hbox (0.55127pt too wide) in paragraph at lines 41588--41588
[]|\TU/lmr/m/n/10 [3/5]|  
 []


Overfull \hbox (0.55127pt too wide) in paragraph at lines 41588--41588
[]|\TU/lmr/m/n/10 [3/5]|  
 []


Overfull \hbox (4.99347pt too wide) in paragraph at lines 41590--41590
[]|\TU/lmr/m/n/10 110C|  
 []


Overfull \hbox (0.55127pt too wide) in paragraph at lines 41590--41590
[]|\TU/lmr/m/n/10 [5/5]|  
 []


Overfull \hbox (0.55127pt too wide) in paragraph at lines 41590--41590
[]|\TU/lmr/m/n/10 [1/5]|  
 []


Overfull \hbox (2.81786pt too wide) in paragraph at lines 41591--41591
[]|\TU/lmr/m/n/10 $$$$|  
 []


Overfull \hbox (0.55127pt too wide) in paragraph at lines 41592--41592
[]|\TU/lmr/m/n/10 [4/5]|  
 []


Overfull \hbox (0.55127pt too wide) in paragraph at lines 41592--41592
[]|\TU/lmr/m/n/10 [2/5]|  
 []

ignored error Infinite glue shrinkage found in box being split [588] [589]
[590]
Overfull \hbox (2.90288pt too wide) in paragraph at lines 41798--41799
[]\TU/lmr/m/n/10 Rank  
 []

[591] [592] [593] [594]
Overfull \hbox (8.90225pt too wide) in paragraph at lines 42098--42098
[]|\TU/lmr/m/n/10 127mm|  
 []


Overfull \hbox (8.90225pt too wide) in paragraph at lines 42102--42102
[]|\TU/lmr/m/n/10 120mm|  
 []


Overfull \hbox (2.50787pt too wide) in paragraph at lines 42106--42106
[]|\TU/lmr/m/n/10 Pass/fail|  
 []

[595] [596] [597] [598] [599] [600]
Overfull \hbox (80.25pt too wide) in paragraph at lines 42573--42573
|| ||[]\TU/lmtt/m/n/10 ProjectName,Date,Material,PartCount,DimensionsPass,Functi
onalPass,Weight(g),Notes[]|  
 []

[601]
Overfull \hbox (201.0pt too wide) in paragraph at lines 42636--42636
|| ||[]\TU/lmtt/m/n/10 |[][][][][][][][][][][][][][]|[][][][][][][][][][][][][]
[][][]|[][][][][][][][][][][][][][][]|[][][][][][][][][][][][][][][]|[][][][][]
[][][][][][][][][][]|[][][][][][][][][]|[][][][][][][][][][][][]|[]|  
 []

[602] [603] [604] [605] [606]
Overfull \hbox (90.75pt too wide) in paragraph at lines 42869--42869
\TU/lmtt/m/n/10 part_[]%%[][]s_wall[][]%[]%w,[]%%[][]w[],[]%%[][]s[],[]![][]FILE
_KB[][]![],[]![][]EST_TIME[][]![],[]![][]EST_WEIGHT[][]![][]\TU/lmtt/b/n/10 >>[
][]\TU/lmtt/m/n/10 "[][]%[][]REPORT_FILE[][]%[][]"[]|  
 []

[607]
Overfull \hbox (69.75pt too wide) in paragraph at lines 42934--42934
[]\TU/lmtt/m/n/10 "part_[][]${size}[][]_wall[][]${wall}[][],[][]$wall[][],[][]$s
ize[][],[][]$FILE_SIZE[][],[][]$EST_TIME[][],[][]$EST_WEIGHT[][]"[] 
 []

[608] [609] [610] [611] [612] [613] [614] [615] [616] [617] [618] [619]
[620]
Overfull \hbox (0.14398pt too wide) in paragraph at lines 43701--43703
[][]$\TU/lmr/m/n/10 h t t p s : / / e n . w i k i b o o k s . o r g / w i k i / O p e n S C A D _ U s e r _ M a n u a l / U s i n g _ t h e _ 2
 []

[621] [622] [623] [624]
Overfull \hbox (0.14723pt too wide) in paragraph at lines 43905--43907
[][]$\TU/lmr/m/n/10 h t t p s : / / s u p p o r t . f r e e d o m s c i e n t i f i c . c o m / C o n t e n t / D o c u m e n t s / M a n u a l s / J A
 []

[625] [626] [627] (./OpenSCAD_Curriculum.aux)
 ***********
LaTeX2e <2025-11-01>
L3 programming layer <2025-12-29>
 ***********


LaTeX Warning: Label(s) may have changed. Rerun to get cross-references right.

)

Here is how much of LuaTeX's memory you used:
 30696 strings out of 476081
 381744,1648299 words of node,token memory allocated
 150758 words of node memory still in use:
   7 hlist, 2 vlist, 2 rule, 1 local_par, 283 glue, 4 kern, 1 penalty, 3 glyph, 
54816 attribute, 63 glue_spec, 18275 attribute_list, 1 write, 1 user_defined, 34
3 pdf_action nodes
   avail lists: 1:11,2:23935,3:2298,4:1112,5:2236,6:134,7:9280,8:111,9:1593,10:1
9,11:532
 46916 multiletter control sequences out of 65536+600000
 80 fonts using 23094487 bytes
 90i,11n,114p,1502b,756s stack positions out of 10000i,1000n,20000p,200000b,200000s
</var/home/ryhunsaker/.local/texlive/2025/texmf-dist/fonts/opentype/public/lm/lm
monolt10-boldoblique.otf></var/home/ryhunsaker/.local/texlive/2025/texmf-dist/fo
nts/opentype/public/lm/lmroman8-italic.otf></var/home/ryhunsaker/.local/texlive/
2025/texmf-dist/fonts/opentype/public/lm/lmroman8-regular.otf></var/home/ryhunsa
ker/.local/texlive/2025/texmf-dist/fonts/opentype/public/lm/lmroman6-regular.otf
></var/home/ryhunsaker/.local/texlive/2025/texmf-dist/fonts/opentype/public/lm/l
mroman7-regular.otf></var/home/ryhunsaker/.local/texlive/2025/texmf-dist/fonts/o
pentype/public/lm-math/latinmodern-math.otf></var/home/ryhunsaker/.local/texlive
/2025/texmf-dist/fonts/opentype/public/lm/lmmonolt10-bold.otf></var/home/ryhunsa
ker/.local/texlive/2025/texmf-dist/fonts/opentype/public/lm/lmmono10-italic.otf>
</var/home/ryhunsaker/.local/texlive/2025/texmf-dist/fonts/opentype/public/lm/lm
roman10-italic.otf></var/home/ryhunsaker/.local/texlive/2025/texmf-dist/fonts/op
entype/public/lm/lmmono10-regular.otf></var/home/ryhunsaker/.local/texlive/2025/
texmf-dist/fonts/opentype/public/lm/lmroman10-regular.otf></var/home/ryhunsaker/
.local/texlive/2025/texmf-dist/fonts/opentype/public/lm/lmroman10-bold.otf></var
/home/ryhunsaker/.local/texlive/2025/texmf-dist/fonts/opentype/public/lm/lmroman
9-regular.otf></var/home/ryhunsaker/.local/texlive/2025/texmf-dist/fonts/opentyp
e/public/lm/lmroman12-bold.otf></var/home/ryhunsaker/.local/texlive/2025/texmf-d
ist/fonts/opentype/public/lm/lmroman12-regular.otf></var/home/ryhunsaker/.local/
texlive/2025/texmf-dist/fonts/opentype/public/lm/lmroman17-regular.otf></var/hom
e/ryhunsaker/.local/texlive/2025/texmf-dist/fonts/type1/public/amsfonts/symbols/
msam10.pfb>
Output written on OpenSCAD_Curriculum.pdf (629 pages, 1633770 bytes).

PDF statistics: 10649 PDF objects out of 10688 (max. 8388607)
 9870 compressed objects within 99 object streams
 5866 named destinations out of 6186 (max. 131072)
 905 words of extra memory for PDF output out of 10000 (max. 100000000)

